{"date":"Fri Jan 19 2024 20:10:33 GMT+0300 (Moscow Standard Time)","error":{"code":"MODULE_NOT_FOUND","requireStack":["C:\\Users\\Amer\\Desktop\\projects\\todo-list-api\\startup\\validation.ts","C:\\Users\\Amer\\Desktop\\projects\\todo-list-api\\index.ts"]},"exception":true,"level":"error","message":"uncaughtException: Cannot find module 'joi-oid'\nRequire stack:\n- C:\\Users\\Amer\\Desktop\\projects\\todo-list-api\\startup\\validation.ts\n- C:\\Users\\Amer\\Desktop\\projects\\todo-list-api\\index.ts\nError: Cannot find module 'joi-oid'\nRequire stack:\n- C:\\Users\\Amer\\Desktop\\projects\\todo-list-api\\startup\\validation.ts\n- C:\\Users\\Amer\\Desktop\\projects\\todo-list-api\\index.ts\n    at Function.Module._resolveFilename (node:internal/modules/cjs/loader:1075:15)\n    at Function.Module._resolveFilename.sharedData.moduleResolveFilenameHook.installedValue [as _resolveFilename] (C:\\Users\\Amer\\Desktop\\projects\\todo-list-api\\node_modules\\@cspotcode\\source-map-support\\source-map-support.js:811:30)\n    at Function.Module._load (node:internal/modules/cjs/loader:920:27)\n    at Module.require (node:internal/modules/cjs/loader:1141:19)\n    at require (node:internal/modules/cjs/helpers:110:18)\n    at module.exports (C:\\Users\\Amer\\Desktop\\projects\\todo-list-api\\startup\\validation.ts:12:10)\n    at Object.<anonymous> (C:\\Users\\Amer\\Desktop\\projects\\todo-list-api\\index.ts:7:51)\n    at Module._compile (node:internal/modules/cjs/loader:1254:14)\n    at Module.m._compile (C:\\Users\\Amer\\Desktop\\projects\\todo-list-api\\node_modules\\ts-node\\src\\index.ts:1618:23)\n    at Module._extensions..js (node:internal/modules/cjs/loader:1308:10)","os":{"loadavg":[0,0,0],"uptime":1223943.843},"process":{"argv":["C:\\Users\\Amer\\Desktop\\projects\\todo-list-api\\node_modules\\ts-node\\dist\\bin.js","C:\\Users\\Amer\\Desktop\\projects\\todo-list-api\\index.ts"],"cwd":"C:\\Users\\Amer\\Desktop\\projects\\todo-list-api","execPath":"C:\\Program Files\\nodejs\\node.exe","gid":null,"memoryUsage":{"arrayBuffers":3818741,"external":5227981,"heapTotal":113897472,"heapUsed":92491240,"rss":153047040},"pid":28152,"uid":null,"version":"v18.16.0"},"stack":"Error: Cannot find module 'joi-oid'\nRequire stack:\n- C:\\Users\\Amer\\Desktop\\projects\\todo-list-api\\startup\\validation.ts\n- C:\\Users\\Amer\\Desktop\\projects\\todo-list-api\\index.ts\n    at Function.Module._resolveFilename (node:internal/modules/cjs/loader:1075:15)\n    at Function.Module._resolveFilename.sharedData.moduleResolveFilenameHook.installedValue [as _resolveFilename] (C:\\Users\\Amer\\Desktop\\projects\\todo-list-api\\node_modules\\@cspotcode\\source-map-support\\source-map-support.js:811:30)\n    at Function.Module._load (node:internal/modules/cjs/loader:920:27)\n    at Module.require (node:internal/modules/cjs/loader:1141:19)\n    at require (node:internal/modules/cjs/helpers:110:18)\n    at module.exports (C:\\Users\\Amer\\Desktop\\projects\\todo-list-api\\startup\\validation.ts:12:10)\n    at Object.<anonymous> (C:\\Users\\Amer\\Desktop\\projects\\todo-list-api\\index.ts:7:51)\n    at Module._compile (node:internal/modules/cjs/loader:1254:14)\n    at Module.m._compile (C:\\Users\\Amer\\Desktop\\projects\\todo-list-api\\node_modules\\ts-node\\src\\index.ts:1618:23)\n    at Module._extensions..js (node:internal/modules/cjs/loader:1308:10)","timestamp":"2024-01-19T17:10:33.908Z","trace":[{"column":15,"file":"node:internal/modules/cjs/loader","function":"Module._resolveFilename","line":1075,"method":"_resolveFilename","native":false},{"column":30,"file":"C:\\Users\\Amer\\Desktop\\projects\\todo-list-api\\node_modules\\@cspotcode\\source-map-support\\source-map-support.js","function":"Module._resolveFilename.sharedData.moduleResolveFilenameHook.installedValue [as _resolveFilename]","line":811,"method":"installedValue [as _resolveFilename]","native":false},{"column":27,"file":"node:internal/modules/cjs/loader","function":"Module._load","line":920,"method":"_load","native":false},{"column":19,"file":"node:internal/modules/cjs/loader","function":"Module.require","line":1141,"method":"require","native":false},{"column":18,"file":"node:internal/modules/cjs/helpers","function":"require","line":110,"method":null,"native":false},{"column":10,"file":"C:\\Users\\Amer\\Desktop\\projects\\todo-list-api\\startup\\validation.ts","function":"module.exports","line":12,"method":"exports","native":false},{"column":51,"file":"C:\\Users\\Amer\\Desktop\\projects\\todo-list-api\\index.ts","function":null,"line":7,"method":null,"native":false},{"column":14,"file":"node:internal/modules/cjs/loader","function":"Module._compile","line":1254,"method":"_compile","native":false},{"column":23,"file":"C:\\Users\\Amer\\Desktop\\projects\\todo-list-api\\node_modules\\ts-node\\src\\index.ts","function":"Module.m._compile","line":1618,"method":"_compile","native":false},{"column":10,"file":"node:internal/modules/cjs/loader","function":"Module._extensions..js","line":1308,"method":".js","native":false}]}
{"date":"Fri Jan 19 2024 21:01:50 GMT+0300 (Moscow Standard Time)","error":{"diagnosticCodes":[2307,2307,2307,2307,2307]},"exception":true,"level":"error","message":"uncaughtException: ⨯ Unable to compile TypeScript:\n\u001b[96mstartup/routes.ts\u001b[0m:\u001b[93m2\u001b[0m:\u001b[93m22\u001b[0m - \u001b[91merror\u001b[0m\u001b[90m TS2307: \u001b[0mCannot find module '../routes/products' or its corresponding type declarations.\r\n\r\n\u001b[7m2\u001b[0m import products from \"../routes/products\";\r\n\u001b[7m \u001b[0m \u001b[91m                     ~~~~~~~~~~~~~~~~~~~~\u001b[0m\r\n\u001b[96mstartup/routes.ts\u001b[0m:\u001b[93m3\u001b[0m:\u001b[93m20\u001b[0m - \u001b[91merror\u001b[0m\u001b[90m TS2307: \u001b[0mCannot find module '../routes/orders' or its corresponding type declarations.\r\n\r\n\u001b[7m3\u001b[0m import orders from \"../routes/orders\";\r\n\u001b[7m \u001b[0m \u001b[91m                   ~~~~~~~~~~~~~~~~~~\u001b[0m\r\n\u001b[96mstartup/routes.ts\u001b[0m:\u001b[93m4\u001b[0m:\u001b[93m19\u001b[0m - \u001b[91merror\u001b[0m\u001b[90m TS2307: \u001b[0mCannot find module '../routes/users' or its corresponding type declarations.\r\n\r\n\u001b[7m4\u001b[0m import users from \"../routes/users\";\r\n\u001b[7m \u001b[0m \u001b[91m                  ~~~~~~~~~~~~~~~~~\u001b[0m\r\n\u001b[96mstartup/routes.ts\u001b[0m:\u001b[93m5\u001b[0m:\u001b[93m18\u001b[0m - \u001b[91merror\u001b[0m\u001b[90m TS2307: \u001b[0mCannot find module '../routes/auth' or its corresponding type declarations.\r\n\r\n\u001b[7m5\u001b[0m import auth from \"../routes/auth\";\r\n\u001b[7m \u001b[0m \u001b[91m                 ~~~~~~~~~~~~~~~~\u001b[0m\r\n\u001b[96mstartup/routes.ts\u001b[0m:\u001b[93m6\u001b[0m:\u001b[93m19\u001b[0m - \u001b[91merror\u001b[0m\u001b[90m TS2307: \u001b[0mCannot find module '../middleware/error' or its corresponding type declarations.\r\n\r\n\u001b[7m6\u001b[0m import error from \"../middleware/error\";\r\n\u001b[7m \u001b[0m \u001b[91m                  ~~~~~~~~~~~~~~~~~~~~~\u001b[0m\r\n\nTSError: ⨯ Unable to compile TypeScript:\n\u001b[96mstartup/routes.ts\u001b[0m:\u001b[93m2\u001b[0m:\u001b[93m22\u001b[0m - \u001b[91merror\u001b[0m\u001b[90m TS2307: \u001b[0mCannot find module '../routes/products' or its corresponding type declarations.\r\n\r\n\u001b[7m2\u001b[0m import products from \"../routes/products\";\r\n\u001b[7m \u001b[0m \u001b[91m                     ~~~~~~~~~~~~~~~~~~~~\u001b[0m\r\n\u001b[96mstartup/routes.ts\u001b[0m:\u001b[93m3\u001b[0m:\u001b[93m20\u001b[0m - \u001b[91merror\u001b[0m\u001b[90m TS2307: \u001b[0mCannot find module '../routes/orders' or its corresponding type declarations.\r\n\r\n\u001b[7m3\u001b[0m import orders from \"../routes/orders\";\r\n\u001b[7m \u001b[0m \u001b[91m                   ~~~~~~~~~~~~~~~~~~\u001b[0m\r\n\u001b[96mstartup/routes.ts\u001b[0m:\u001b[93m4\u001b[0m:\u001b[93m19\u001b[0m - \u001b[91merror\u001b[0m\u001b[90m TS2307: \u001b[0mCannot find module '../routes/users' or its corresponding type declarations.\r\n\r\n\u001b[7m4\u001b[0m import users from \"../routes/users\";\r\n\u001b[7m \u001b[0m \u001b[91m                  ~~~~~~~~~~~~~~~~~\u001b[0m\r\n\u001b[96mstartup/routes.ts\u001b[0m:\u001b[93m5\u001b[0m:\u001b[93m18\u001b[0m - \u001b[91merror\u001b[0m\u001b[90m TS2307: \u001b[0mCannot find module '../routes/auth' or its corresponding type declarations.\r\n\r\n\u001b[7m5\u001b[0m import auth from \"../routes/auth\";\r\n\u001b[7m \u001b[0m \u001b[91m                 ~~~~~~~~~~~~~~~~\u001b[0m\r\n\u001b[96mstartup/routes.ts\u001b[0m:\u001b[93m6\u001b[0m:\u001b[93m19\u001b[0m - \u001b[91merror\u001b[0m\u001b[90m TS2307: \u001b[0mCannot find module '../middleware/error' or its corresponding type declarations.\r\n\r\n\u001b[7m6\u001b[0m import error from \"../middleware/error\";\r\n\u001b[7m \u001b[0m \u001b[91m                  ~~~~~~~~~~~~~~~~~~~~~\u001b[0m\r\n\n    at createTSError (C:\\Users\\Amer\\Desktop\\projects\\todo-list-api\\node_modules\\ts-node\\src\\index.ts:859:12)\n    at reportTSError (C:\\Users\\Amer\\Desktop\\projects\\todo-list-api\\node_modules\\ts-node\\src\\index.ts:863:19)\n    at getOutput (C:\\Users\\Amer\\Desktop\\projects\\todo-list-api\\node_modules\\ts-node\\src\\index.ts:1077:36)\n    at Object.compile (C:\\Users\\Amer\\Desktop\\projects\\todo-list-api\\node_modules\\ts-node\\src\\index.ts:1433:41)\n    at Module.m._compile (C:\\Users\\Amer\\Desktop\\projects\\todo-list-api\\node_modules\\ts-node\\src\\index.ts:1617:30)\n    at Module._extensions..js (node:internal/modules/cjs/loader:1308:10)\n    at Object.require.extensions.<computed> [as .ts] (C:\\Users\\Amer\\Desktop\\projects\\todo-list-api\\node_modules\\ts-node\\src\\index.ts:1621:12)\n    at Module.load (node:internal/modules/cjs/loader:1117:32)\n    at Function.Module._load (node:internal/modules/cjs/loader:958:12)\n    at Module.require (node:internal/modules/cjs/loader:1141:19)","os":{"loadavg":[0,0,0],"uptime":1227020.656},"process":{"argv":["C:\\Users\\Amer\\Desktop\\projects\\todo-list-api\\node_modules\\ts-node\\dist\\bin.js","C:\\Users\\Amer\\Desktop\\projects\\todo-list-api\\index.ts"],"cwd":"C:\\Users\\Amer\\Desktop\\projects\\todo-list-api","execPath":"C:\\Program Files\\nodejs\\node.exe","gid":null,"memoryUsage":{"arrayBuffers":4817888,"external":6227128,"heapTotal":123072512,"heapUsed":96892792,"rss":163336192},"pid":996,"uid":null,"version":"v18.16.0"},"stack":"TSError: ⨯ Unable to compile TypeScript:\n\u001b[96mstartup/routes.ts\u001b[0m:\u001b[93m2\u001b[0m:\u001b[93m22\u001b[0m - \u001b[91merror\u001b[0m\u001b[90m TS2307: \u001b[0mCannot find module '../routes/products' or its corresponding type declarations.\r\n\r\n\u001b[7m2\u001b[0m import products from \"../routes/products\";\r\n\u001b[7m \u001b[0m \u001b[91m                     ~~~~~~~~~~~~~~~~~~~~\u001b[0m\r\n\u001b[96mstartup/routes.ts\u001b[0m:\u001b[93m3\u001b[0m:\u001b[93m20\u001b[0m - \u001b[91merror\u001b[0m\u001b[90m TS2307: \u001b[0mCannot find module '../routes/orders' or its corresponding type declarations.\r\n\r\n\u001b[7m3\u001b[0m import orders from \"../routes/orders\";\r\n\u001b[7m \u001b[0m \u001b[91m                   ~~~~~~~~~~~~~~~~~~\u001b[0m\r\n\u001b[96mstartup/routes.ts\u001b[0m:\u001b[93m4\u001b[0m:\u001b[93m19\u001b[0m - \u001b[91merror\u001b[0m\u001b[90m TS2307: \u001b[0mCannot find module '../routes/users' or its corresponding type declarations.\r\n\r\n\u001b[7m4\u001b[0m import users from \"../routes/users\";\r\n\u001b[7m \u001b[0m \u001b[91m                  ~~~~~~~~~~~~~~~~~\u001b[0m\r\n\u001b[96mstartup/routes.ts\u001b[0m:\u001b[93m5\u001b[0m:\u001b[93m18\u001b[0m - \u001b[91merror\u001b[0m\u001b[90m TS2307: \u001b[0mCannot find module '../routes/auth' or its corresponding type declarations.\r\n\r\n\u001b[7m5\u001b[0m import auth from \"../routes/auth\";\r\n\u001b[7m \u001b[0m \u001b[91m                 ~~~~~~~~~~~~~~~~\u001b[0m\r\n\u001b[96mstartup/routes.ts\u001b[0m:\u001b[93m6\u001b[0m:\u001b[93m19\u001b[0m - \u001b[91merror\u001b[0m\u001b[90m TS2307: \u001b[0mCannot find module '../middleware/error' or its corresponding type declarations.\r\n\r\n\u001b[7m6\u001b[0m import error from \"../middleware/error\";\r\n\u001b[7m \u001b[0m \u001b[91m                  ~~~~~~~~~~~~~~~~~~~~~\u001b[0m\r\n\n    at createTSError (C:\\Users\\Amer\\Desktop\\projects\\todo-list-api\\node_modules\\ts-node\\src\\index.ts:859:12)\n    at reportTSError (C:\\Users\\Amer\\Desktop\\projects\\todo-list-api\\node_modules\\ts-node\\src\\index.ts:863:19)\n    at getOutput (C:\\Users\\Amer\\Desktop\\projects\\todo-list-api\\node_modules\\ts-node\\src\\index.ts:1077:36)\n    at Object.compile (C:\\Users\\Amer\\Desktop\\projects\\todo-list-api\\node_modules\\ts-node\\src\\index.ts:1433:41)\n    at Module.m._compile (C:\\Users\\Amer\\Desktop\\projects\\todo-list-api\\node_modules\\ts-node\\src\\index.ts:1617:30)\n    at Module._extensions..js (node:internal/modules/cjs/loader:1308:10)\n    at Object.require.extensions.<computed> [as .ts] (C:\\Users\\Amer\\Desktop\\projects\\todo-list-api\\node_modules\\ts-node\\src\\index.ts:1621:12)\n    at Module.load (node:internal/modules/cjs/loader:1117:32)\n    at Function.Module._load (node:internal/modules/cjs/loader:958:12)\n    at Module.require (node:internal/modules/cjs/loader:1141:19)","timestamp":"2024-01-19T18:01:50.718Z","trace":[{"column":12,"file":"C:\\Users\\Amer\\Desktop\\projects\\todo-list-api\\node_modules\\ts-node\\src\\index.ts","function":"createTSError","line":859,"method":null,"native":false},{"column":19,"file":"C:\\Users\\Amer\\Desktop\\projects\\todo-list-api\\node_modules\\ts-node\\src\\index.ts","function":"reportTSError","line":863,"method":null,"native":false},{"column":36,"file":"C:\\Users\\Amer\\Desktop\\projects\\todo-list-api\\node_modules\\ts-node\\src\\index.ts","function":"getOutput","line":1077,"method":null,"native":false},{"column":41,"file":"C:\\Users\\Amer\\Desktop\\projects\\todo-list-api\\node_modules\\ts-node\\src\\index.ts","function":"Object.compile","line":1433,"method":"compile","native":false},{"column":30,"file":"C:\\Users\\Amer\\Desktop\\projects\\todo-list-api\\node_modules\\ts-node\\src\\index.ts","function":"Module.m._compile","line":1617,"method":"_compile","native":false},{"column":10,"file":"node:internal/modules/cjs/loader","function":"Module._extensions..js","line":1308,"method":".js","native":false},{"column":12,"file":"C:\\Users\\Amer\\Desktop\\projects\\todo-list-api\\node_modules\\ts-node\\src\\index.ts","function":"Object.require.extensions.<computed> [as .ts]","line":1621,"method":"ts]","native":false},{"column":32,"file":"node:internal/modules/cjs/loader","function":"Module.load","line":1117,"method":"load","native":false},{"column":12,"file":"node:internal/modules/cjs/loader","function":"Module._load","line":958,"method":"_load","native":false},{"column":19,"file":"node:internal/modules/cjs/loader","function":"Module.require","line":1141,"method":"require","native":false}]}
{"date":"Fri Jan 19 2024 21:03:39 GMT+0300 (Moscow Standard Time)","error":{"diagnosticCodes":[2307,2307,2307,2307]},"exception":true,"level":"error","message":"uncaughtException: ⨯ Unable to compile TypeScript:\n\u001b[96mstartup/routes.ts\u001b[0m:\u001b[93m2\u001b[0m:\u001b[93m22\u001b[0m - \u001b[91merror\u001b[0m\u001b[90m TS2307: \u001b[0mCannot find module '../routes/products' or its corresponding type declarations.\r\n\r\n\u001b[7m2\u001b[0m import products from \"../routes/products\";\r\n\u001b[7m \u001b[0m \u001b[91m                     ~~~~~~~~~~~~~~~~~~~~\u001b[0m\r\n\u001b[96mstartup/routes.ts\u001b[0m:\u001b[93m3\u001b[0m:\u001b[93m20\u001b[0m - \u001b[91merror\u001b[0m\u001b[90m TS2307: \u001b[0mCannot find module '../routes/orders' or its corresponding type declarations.\r\n\r\n\u001b[7m3\u001b[0m import orders from \"../routes/orders\";\r\n\u001b[7m \u001b[0m \u001b[91m                   ~~~~~~~~~~~~~~~~~~\u001b[0m\r\n\u001b[96mstartup/routes.ts\u001b[0m:\u001b[93m4\u001b[0m:\u001b[93m19\u001b[0m - \u001b[91merror\u001b[0m\u001b[90m TS2307: \u001b[0mCannot find module '../routes/users' or its corresponding type declarations.\r\n\r\n\u001b[7m4\u001b[0m import users from \"../routes/users\";\r\n\u001b[7m \u001b[0m \u001b[91m                  ~~~~~~~~~~~~~~~~~\u001b[0m\r\n\u001b[96mstartup/routes.ts\u001b[0m:\u001b[93m5\u001b[0m:\u001b[93m18\u001b[0m - \u001b[91merror\u001b[0m\u001b[90m TS2307: \u001b[0mCannot find module '../routes/auth' or its corresponding type declarations.\r\n\r\n\u001b[7m5\u001b[0m import auth from \"../routes/auth\";\r\n\u001b[7m \u001b[0m \u001b[91m                 ~~~~~~~~~~~~~~~~\u001b[0m\r\n\nTSError: ⨯ Unable to compile TypeScript:\n\u001b[96mstartup/routes.ts\u001b[0m:\u001b[93m2\u001b[0m:\u001b[93m22\u001b[0m - \u001b[91merror\u001b[0m\u001b[90m TS2307: \u001b[0mCannot find module '../routes/products' or its corresponding type declarations.\r\n\r\n\u001b[7m2\u001b[0m import products from \"../routes/products\";\r\n\u001b[7m \u001b[0m \u001b[91m                     ~~~~~~~~~~~~~~~~~~~~\u001b[0m\r\n\u001b[96mstartup/routes.ts\u001b[0m:\u001b[93m3\u001b[0m:\u001b[93m20\u001b[0m - \u001b[91merror\u001b[0m\u001b[90m TS2307: \u001b[0mCannot find module '../routes/orders' or its corresponding type declarations.\r\n\r\n\u001b[7m3\u001b[0m import orders from \"../routes/orders\";\r\n\u001b[7m \u001b[0m \u001b[91m                   ~~~~~~~~~~~~~~~~~~\u001b[0m\r\n\u001b[96mstartup/routes.ts\u001b[0m:\u001b[93m4\u001b[0m:\u001b[93m19\u001b[0m - \u001b[91merror\u001b[0m\u001b[90m TS2307: \u001b[0mCannot find module '../routes/users' or its corresponding type declarations.\r\n\r\n\u001b[7m4\u001b[0m import users from \"../routes/users\";\r\n\u001b[7m \u001b[0m \u001b[91m                  ~~~~~~~~~~~~~~~~~\u001b[0m\r\n\u001b[96mstartup/routes.ts\u001b[0m:\u001b[93m5\u001b[0m:\u001b[93m18\u001b[0m - \u001b[91merror\u001b[0m\u001b[90m TS2307: \u001b[0mCannot find module '../routes/auth' or its corresponding type declarations.\r\n\r\n\u001b[7m5\u001b[0m import auth from \"../routes/auth\";\r\n\u001b[7m \u001b[0m \u001b[91m                 ~~~~~~~~~~~~~~~~\u001b[0m\r\n\n    at createTSError (C:\\Users\\Amer\\Desktop\\projects\\todo-list-api\\node_modules\\ts-node\\src\\index.ts:859:12)\n    at reportTSError (C:\\Users\\Amer\\Desktop\\projects\\todo-list-api\\node_modules\\ts-node\\src\\index.ts:863:19)\n    at getOutput (C:\\Users\\Amer\\Desktop\\projects\\todo-list-api\\node_modules\\ts-node\\src\\index.ts:1077:36)\n    at Object.compile (C:\\Users\\Amer\\Desktop\\projects\\todo-list-api\\node_modules\\ts-node\\src\\index.ts:1433:41)\n    at Module.m._compile (C:\\Users\\Amer\\Desktop\\projects\\todo-list-api\\node_modules\\ts-node\\src\\index.ts:1617:30)\n    at Module._extensions..js (node:internal/modules/cjs/loader:1308:10)\n    at Object.require.extensions.<computed> [as .ts] (C:\\Users\\Amer\\Desktop\\projects\\todo-list-api\\node_modules\\ts-node\\src\\index.ts:1621:12)\n    at Module.load (node:internal/modules/cjs/loader:1117:32)\n    at Function.Module._load (node:internal/modules/cjs/loader:958:12)\n    at Module.require (node:internal/modules/cjs/loader:1141:19)","os":{"loadavg":[0,0,0],"uptime":1227129.296},"process":{"argv":["C:\\Users\\Amer\\Desktop\\projects\\todo-list-api\\node_modules\\ts-node\\dist\\bin.js","C:\\Users\\Amer\\Desktop\\projects\\todo-list-api\\index.ts"],"cwd":"C:\\Users\\Amer\\Desktop\\projects\\todo-list-api","execPath":"C:\\Program Files\\nodejs\\node.exe","gid":null,"memoryUsage":{"arrayBuffers":3694799,"external":5104039,"heapTotal":123596800,"heapUsed":99608112,"rss":165273600},"pid":9508,"uid":null,"version":"v18.16.0"},"stack":"TSError: ⨯ Unable to compile TypeScript:\n\u001b[96mstartup/routes.ts\u001b[0m:\u001b[93m2\u001b[0m:\u001b[93m22\u001b[0m - \u001b[91merror\u001b[0m\u001b[90m TS2307: \u001b[0mCannot find module '../routes/products' or its corresponding type declarations.\r\n\r\n\u001b[7m2\u001b[0m import products from \"../routes/products\";\r\n\u001b[7m \u001b[0m \u001b[91m                     ~~~~~~~~~~~~~~~~~~~~\u001b[0m\r\n\u001b[96mstartup/routes.ts\u001b[0m:\u001b[93m3\u001b[0m:\u001b[93m20\u001b[0m - \u001b[91merror\u001b[0m\u001b[90m TS2307: \u001b[0mCannot find module '../routes/orders' or its corresponding type declarations.\r\n\r\n\u001b[7m3\u001b[0m import orders from \"../routes/orders\";\r\n\u001b[7m \u001b[0m \u001b[91m                   ~~~~~~~~~~~~~~~~~~\u001b[0m\r\n\u001b[96mstartup/routes.ts\u001b[0m:\u001b[93m4\u001b[0m:\u001b[93m19\u001b[0m - \u001b[91merror\u001b[0m\u001b[90m TS2307: \u001b[0mCannot find module '../routes/users' or its corresponding type declarations.\r\n\r\n\u001b[7m4\u001b[0m import users from \"../routes/users\";\r\n\u001b[7m \u001b[0m \u001b[91m                  ~~~~~~~~~~~~~~~~~\u001b[0m\r\n\u001b[96mstartup/routes.ts\u001b[0m:\u001b[93m5\u001b[0m:\u001b[93m18\u001b[0m - \u001b[91merror\u001b[0m\u001b[90m TS2307: \u001b[0mCannot find module '../routes/auth' or its corresponding type declarations.\r\n\r\n\u001b[7m5\u001b[0m import auth from \"../routes/auth\";\r\n\u001b[7m \u001b[0m \u001b[91m                 ~~~~~~~~~~~~~~~~\u001b[0m\r\n\n    at createTSError (C:\\Users\\Amer\\Desktop\\projects\\todo-list-api\\node_modules\\ts-node\\src\\index.ts:859:12)\n    at reportTSError (C:\\Users\\Amer\\Desktop\\projects\\todo-list-api\\node_modules\\ts-node\\src\\index.ts:863:19)\n    at getOutput (C:\\Users\\Amer\\Desktop\\projects\\todo-list-api\\node_modules\\ts-node\\src\\index.ts:1077:36)\n    at Object.compile (C:\\Users\\Amer\\Desktop\\projects\\todo-list-api\\node_modules\\ts-node\\src\\index.ts:1433:41)\n    at Module.m._compile (C:\\Users\\Amer\\Desktop\\projects\\todo-list-api\\node_modules\\ts-node\\src\\index.ts:1617:30)\n    at Module._extensions..js (node:internal/modules/cjs/loader:1308:10)\n    at Object.require.extensions.<computed> [as .ts] (C:\\Users\\Amer\\Desktop\\projects\\todo-list-api\\node_modules\\ts-node\\src\\index.ts:1621:12)\n    at Module.load (node:internal/modules/cjs/loader:1117:32)\n    at Function.Module._load (node:internal/modules/cjs/loader:958:12)\n    at Module.require (node:internal/modules/cjs/loader:1141:19)","timestamp":"2024-01-19T18:03:39.356Z","trace":[{"column":12,"file":"C:\\Users\\Amer\\Desktop\\projects\\todo-list-api\\node_modules\\ts-node\\src\\index.ts","function":"createTSError","line":859,"method":null,"native":false},{"column":19,"file":"C:\\Users\\Amer\\Desktop\\projects\\todo-list-api\\node_modules\\ts-node\\src\\index.ts","function":"reportTSError","line":863,"method":null,"native":false},{"column":36,"file":"C:\\Users\\Amer\\Desktop\\projects\\todo-list-api\\node_modules\\ts-node\\src\\index.ts","function":"getOutput","line":1077,"method":null,"native":false},{"column":41,"file":"C:\\Users\\Amer\\Desktop\\projects\\todo-list-api\\node_modules\\ts-node\\src\\index.ts","function":"Object.compile","line":1433,"method":"compile","native":false},{"column":30,"file":"C:\\Users\\Amer\\Desktop\\projects\\todo-list-api\\node_modules\\ts-node\\src\\index.ts","function":"Module.m._compile","line":1617,"method":"_compile","native":false},{"column":10,"file":"node:internal/modules/cjs/loader","function":"Module._extensions..js","line":1308,"method":".js","native":false},{"column":12,"file":"C:\\Users\\Amer\\Desktop\\projects\\todo-list-api\\node_modules\\ts-node\\src\\index.ts","function":"Object.require.extensions.<computed> [as .ts]","line":1621,"method":"ts]","native":false},{"column":32,"file":"node:internal/modules/cjs/loader","function":"Module.load","line":1117,"method":"load","native":false},{"column":12,"file":"node:internal/modules/cjs/loader","function":"Module._load","line":958,"method":"_load","native":false},{"column":19,"file":"node:internal/modules/cjs/loader","function":"Module.require","line":1141,"method":"require","native":false}]}
{"date":"Fri Jan 19 2024 21:04:09 GMT+0300 (Moscow Standard Time)","error":{"diagnosticCodes":[2307,2307,2307,2307]},"exception":true,"level":"error","message":"uncaughtException: ⨯ Unable to compile TypeScript:\n\u001b[96mstartup/routes.ts\u001b[0m:\u001b[93m2\u001b[0m:\u001b[93m22\u001b[0m - \u001b[91merror\u001b[0m\u001b[90m TS2307: \u001b[0mCannot find module '../routes/products' or its corresponding type declarations.\r\n\r\n\u001b[7m2\u001b[0m import products from \"../routes/products\";\r\n\u001b[7m \u001b[0m \u001b[91m                     ~~~~~~~~~~~~~~~~~~~~\u001b[0m\r\n\u001b[96mstartup/routes.ts\u001b[0m:\u001b[93m3\u001b[0m:\u001b[93m20\u001b[0m - \u001b[91merror\u001b[0m\u001b[90m TS2307: \u001b[0mCannot find module '../routes/orders' or its corresponding type declarations.\r\n\r\n\u001b[7m3\u001b[0m import orders from \"../routes/orders\";\r\n\u001b[7m \u001b[0m \u001b[91m                   ~~~~~~~~~~~~~~~~~~\u001b[0m\r\n\u001b[96mstartup/routes.ts\u001b[0m:\u001b[93m4\u001b[0m:\u001b[93m19\u001b[0m - \u001b[91merror\u001b[0m\u001b[90m TS2307: \u001b[0mCannot find module '../routes/users' or its corresponding type declarations.\r\n\r\n\u001b[7m4\u001b[0m import users from \"../routes/users\";\r\n\u001b[7m \u001b[0m \u001b[91m                  ~~~~~~~~~~~~~~~~~\u001b[0m\r\n\u001b[96mstartup/routes.ts\u001b[0m:\u001b[93m5\u001b[0m:\u001b[93m18\u001b[0m - \u001b[91merror\u001b[0m\u001b[90m TS2307: \u001b[0mCannot find module '../routes/auth' or its corresponding type declarations.\r\n\r\n\u001b[7m5\u001b[0m import auth from \"../routes/auth\";\r\n\u001b[7m \u001b[0m \u001b[91m                 ~~~~~~~~~~~~~~~~\u001b[0m\r\n\nTSError: ⨯ Unable to compile TypeScript:\n\u001b[96mstartup/routes.ts\u001b[0m:\u001b[93m2\u001b[0m:\u001b[93m22\u001b[0m - \u001b[91merror\u001b[0m\u001b[90m TS2307: \u001b[0mCannot find module '../routes/products' or its corresponding type declarations.\r\n\r\n\u001b[7m2\u001b[0m import products from \"../routes/products\";\r\n\u001b[7m \u001b[0m \u001b[91m                     ~~~~~~~~~~~~~~~~~~~~\u001b[0m\r\n\u001b[96mstartup/routes.ts\u001b[0m:\u001b[93m3\u001b[0m:\u001b[93m20\u001b[0m - \u001b[91merror\u001b[0m\u001b[90m TS2307: \u001b[0mCannot find module '../routes/orders' or its corresponding type declarations.\r\n\r\n\u001b[7m3\u001b[0m import orders from \"../routes/orders\";\r\n\u001b[7m \u001b[0m \u001b[91m                   ~~~~~~~~~~~~~~~~~~\u001b[0m\r\n\u001b[96mstartup/routes.ts\u001b[0m:\u001b[93m4\u001b[0m:\u001b[93m19\u001b[0m - \u001b[91merror\u001b[0m\u001b[90m TS2307: \u001b[0mCannot find module '../routes/users' or its corresponding type declarations.\r\n\r\n\u001b[7m4\u001b[0m import users from \"../routes/users\";\r\n\u001b[7m \u001b[0m \u001b[91m                  ~~~~~~~~~~~~~~~~~\u001b[0m\r\n\u001b[96mstartup/routes.ts\u001b[0m:\u001b[93m5\u001b[0m:\u001b[93m18\u001b[0m - \u001b[91merror\u001b[0m\u001b[90m TS2307: \u001b[0mCannot find module '../routes/auth' or its corresponding type declarations.\r\n\r\n\u001b[7m5\u001b[0m import auth from \"../routes/auth\";\r\n\u001b[7m \u001b[0m \u001b[91m                 ~~~~~~~~~~~~~~~~\u001b[0m\r\n\n    at createTSError (C:\\Users\\Amer\\Desktop\\projects\\todo-list-api\\node_modules\\ts-node\\src\\index.ts:859:12)\n    at reportTSError (C:\\Users\\Amer\\Desktop\\projects\\todo-list-api\\node_modules\\ts-node\\src\\index.ts:863:19)\n    at getOutput (C:\\Users\\Amer\\Desktop\\projects\\todo-list-api\\node_modules\\ts-node\\src\\index.ts:1077:36)\n    at Object.compile (C:\\Users\\Amer\\Desktop\\projects\\todo-list-api\\node_modules\\ts-node\\src\\index.ts:1433:41)\n    at Module.m._compile (C:\\Users\\Amer\\Desktop\\projects\\todo-list-api\\node_modules\\ts-node\\src\\index.ts:1617:30)\n    at Module._extensions..js (node:internal/modules/cjs/loader:1308:10)\n    at Object.require.extensions.<computed> [as .ts] (C:\\Users\\Amer\\Desktop\\projects\\todo-list-api\\node_modules\\ts-node\\src\\index.ts:1621:12)\n    at Module.load (node:internal/modules/cjs/loader:1117:32)\n    at Function.Module._load (node:internal/modules/cjs/loader:958:12)\n    at Module.require (node:internal/modules/cjs/loader:1141:19)","os":{"loadavg":[0,0,0],"uptime":1227159.312},"process":{"argv":["C:\\Users\\Amer\\Desktop\\projects\\todo-list-api\\node_modules\\ts-node\\dist\\bin.js","C:\\Users\\Amer\\Desktop\\projects\\todo-list-api\\index.ts"],"cwd":"C:\\Users\\Amer\\Desktop\\projects\\todo-list-api","execPath":"C:\\Program Files\\nodejs\\node.exe","gid":null,"memoryUsage":{"arrayBuffers":4818200,"external":6227440,"heapTotal":123334656,"heapUsed":100117728,"rss":164339712},"pid":23044,"uid":null,"version":"v18.16.0"},"stack":"TSError: ⨯ Unable to compile TypeScript:\n\u001b[96mstartup/routes.ts\u001b[0m:\u001b[93m2\u001b[0m:\u001b[93m22\u001b[0m - \u001b[91merror\u001b[0m\u001b[90m TS2307: \u001b[0mCannot find module '../routes/products' or its corresponding type declarations.\r\n\r\n\u001b[7m2\u001b[0m import products from \"../routes/products\";\r\n\u001b[7m \u001b[0m \u001b[91m                     ~~~~~~~~~~~~~~~~~~~~\u001b[0m\r\n\u001b[96mstartup/routes.ts\u001b[0m:\u001b[93m3\u001b[0m:\u001b[93m20\u001b[0m - \u001b[91merror\u001b[0m\u001b[90m TS2307: \u001b[0mCannot find module '../routes/orders' or its corresponding type declarations.\r\n\r\n\u001b[7m3\u001b[0m import orders from \"../routes/orders\";\r\n\u001b[7m \u001b[0m \u001b[91m                   ~~~~~~~~~~~~~~~~~~\u001b[0m\r\n\u001b[96mstartup/routes.ts\u001b[0m:\u001b[93m4\u001b[0m:\u001b[93m19\u001b[0m - \u001b[91merror\u001b[0m\u001b[90m TS2307: \u001b[0mCannot find module '../routes/users' or its corresponding type declarations.\r\n\r\n\u001b[7m4\u001b[0m import users from \"../routes/users\";\r\n\u001b[7m \u001b[0m \u001b[91m                  ~~~~~~~~~~~~~~~~~\u001b[0m\r\n\u001b[96mstartup/routes.ts\u001b[0m:\u001b[93m5\u001b[0m:\u001b[93m18\u001b[0m - \u001b[91merror\u001b[0m\u001b[90m TS2307: \u001b[0mCannot find module '../routes/auth' or its corresponding type declarations.\r\n\r\n\u001b[7m5\u001b[0m import auth from \"../routes/auth\";\r\n\u001b[7m \u001b[0m \u001b[91m                 ~~~~~~~~~~~~~~~~\u001b[0m\r\n\n    at createTSError (C:\\Users\\Amer\\Desktop\\projects\\todo-list-api\\node_modules\\ts-node\\src\\index.ts:859:12)\n    at reportTSError (C:\\Users\\Amer\\Desktop\\projects\\todo-list-api\\node_modules\\ts-node\\src\\index.ts:863:19)\n    at getOutput (C:\\Users\\Amer\\Desktop\\projects\\todo-list-api\\node_modules\\ts-node\\src\\index.ts:1077:36)\n    at Object.compile (C:\\Users\\Amer\\Desktop\\projects\\todo-list-api\\node_modules\\ts-node\\src\\index.ts:1433:41)\n    at Module.m._compile (C:\\Users\\Amer\\Desktop\\projects\\todo-list-api\\node_modules\\ts-node\\src\\index.ts:1617:30)\n    at Module._extensions..js (node:internal/modules/cjs/loader:1308:10)\n    at Object.require.extensions.<computed> [as .ts] (C:\\Users\\Amer\\Desktop\\projects\\todo-list-api\\node_modules\\ts-node\\src\\index.ts:1621:12)\n    at Module.load (node:internal/modules/cjs/loader:1117:32)\n    at Function.Module._load (node:internal/modules/cjs/loader:958:12)\n    at Module.require (node:internal/modules/cjs/loader:1141:19)","timestamp":"2024-01-19T18:04:09.364Z","trace":[{"column":12,"file":"C:\\Users\\Amer\\Desktop\\projects\\todo-list-api\\node_modules\\ts-node\\src\\index.ts","function":"createTSError","line":859,"method":null,"native":false},{"column":19,"file":"C:\\Users\\Amer\\Desktop\\projects\\todo-list-api\\node_modules\\ts-node\\src\\index.ts","function":"reportTSError","line":863,"method":null,"native":false},{"column":36,"file":"C:\\Users\\Amer\\Desktop\\projects\\todo-list-api\\node_modules\\ts-node\\src\\index.ts","function":"getOutput","line":1077,"method":null,"native":false},{"column":41,"file":"C:\\Users\\Amer\\Desktop\\projects\\todo-list-api\\node_modules\\ts-node\\src\\index.ts","function":"Object.compile","line":1433,"method":"compile","native":false},{"column":30,"file":"C:\\Users\\Amer\\Desktop\\projects\\todo-list-api\\node_modules\\ts-node\\src\\index.ts","function":"Module.m._compile","line":1617,"method":"_compile","native":false},{"column":10,"file":"node:internal/modules/cjs/loader","function":"Module._extensions..js","line":1308,"method":".js","native":false},{"column":12,"file":"C:\\Users\\Amer\\Desktop\\projects\\todo-list-api\\node_modules\\ts-node\\src\\index.ts","function":"Object.require.extensions.<computed> [as .ts]","line":1621,"method":"ts]","native":false},{"column":32,"file":"node:internal/modules/cjs/loader","function":"Module.load","line":1117,"method":"load","native":false},{"column":12,"file":"node:internal/modules/cjs/loader","function":"Module._load","line":958,"method":"_load","native":false},{"column":19,"file":"node:internal/modules/cjs/loader","function":"Module.require","line":1141,"method":"require","native":false}]}
{"date":"Fri Jan 19 2024 21:04:51 GMT+0300 (Moscow Standard Time)","error":{"diagnosticCodes":[2307,2307,2307,2307]},"exception":true,"level":"error","message":"uncaughtException: ⨯ Unable to compile TypeScript:\n\u001b[96mstartup/routes.ts\u001b[0m:\u001b[93m2\u001b[0m:\u001b[93m22\u001b[0m - \u001b[91merror\u001b[0m\u001b[90m TS2307: \u001b[0mCannot find module '../routes/products' or its corresponding type declarations.\r\n\r\n\u001b[7m2\u001b[0m import products from \"../routes/products\";\r\n\u001b[7m \u001b[0m \u001b[91m                     ~~~~~~~~~~~~~~~~~~~~\u001b[0m\r\n\u001b[96mstartup/routes.ts\u001b[0m:\u001b[93m3\u001b[0m:\u001b[93m20\u001b[0m - \u001b[91merror\u001b[0m\u001b[90m TS2307: \u001b[0mCannot find module '../routes/orders' or its corresponding type declarations.\r\n\r\n\u001b[7m3\u001b[0m import orders from \"../routes/orders\";\r\n\u001b[7m \u001b[0m \u001b[91m                   ~~~~~~~~~~~~~~~~~~\u001b[0m\r\n\u001b[96mstartup/routes.ts\u001b[0m:\u001b[93m4\u001b[0m:\u001b[93m19\u001b[0m - \u001b[91merror\u001b[0m\u001b[90m TS2307: \u001b[0mCannot find module '../routes/users' or its corresponding type declarations.\r\n\r\n\u001b[7m4\u001b[0m import users from \"../routes/users\";\r\n\u001b[7m \u001b[0m \u001b[91m                  ~~~~~~~~~~~~~~~~~\u001b[0m\r\n\u001b[96mstartup/routes.ts\u001b[0m:\u001b[93m5\u001b[0m:\u001b[93m18\u001b[0m - \u001b[91merror\u001b[0m\u001b[90m TS2307: \u001b[0mCannot find module '../routes/auth' or its corresponding type declarations.\r\n\r\n\u001b[7m5\u001b[0m import auth from \"../routes/auth\";\r\n\u001b[7m \u001b[0m \u001b[91m                 ~~~~~~~~~~~~~~~~\u001b[0m\r\n\nTSError: ⨯ Unable to compile TypeScript:\n\u001b[96mstartup/routes.ts\u001b[0m:\u001b[93m2\u001b[0m:\u001b[93m22\u001b[0m - \u001b[91merror\u001b[0m\u001b[90m TS2307: \u001b[0mCannot find module '../routes/products' or its corresponding type declarations.\r\n\r\n\u001b[7m2\u001b[0m import products from \"../routes/products\";\r\n\u001b[7m \u001b[0m \u001b[91m                     ~~~~~~~~~~~~~~~~~~~~\u001b[0m\r\n\u001b[96mstartup/routes.ts\u001b[0m:\u001b[93m3\u001b[0m:\u001b[93m20\u001b[0m - \u001b[91merror\u001b[0m\u001b[90m TS2307: \u001b[0mCannot find module '../routes/orders' or its corresponding type declarations.\r\n\r\n\u001b[7m3\u001b[0m import orders from \"../routes/orders\";\r\n\u001b[7m \u001b[0m \u001b[91m                   ~~~~~~~~~~~~~~~~~~\u001b[0m\r\n\u001b[96mstartup/routes.ts\u001b[0m:\u001b[93m4\u001b[0m:\u001b[93m19\u001b[0m - \u001b[91merror\u001b[0m\u001b[90m TS2307: \u001b[0mCannot find module '../routes/users' or its corresponding type declarations.\r\n\r\n\u001b[7m4\u001b[0m import users from \"../routes/users\";\r\n\u001b[7m \u001b[0m \u001b[91m                  ~~~~~~~~~~~~~~~~~\u001b[0m\r\n\u001b[96mstartup/routes.ts\u001b[0m:\u001b[93m5\u001b[0m:\u001b[93m18\u001b[0m - \u001b[91merror\u001b[0m\u001b[90m TS2307: \u001b[0mCannot find module '../routes/auth' or its corresponding type declarations.\r\n\r\n\u001b[7m5\u001b[0m import auth from \"../routes/auth\";\r\n\u001b[7m \u001b[0m \u001b[91m                 ~~~~~~~~~~~~~~~~\u001b[0m\r\n\n    at createTSError (C:\\Users\\Amer\\Desktop\\projects\\todo-list-api\\node_modules\\ts-node\\src\\index.ts:859:12)\n    at reportTSError (C:\\Users\\Amer\\Desktop\\projects\\todo-list-api\\node_modules\\ts-node\\src\\index.ts:863:19)\n    at getOutput (C:\\Users\\Amer\\Desktop\\projects\\todo-list-api\\node_modules\\ts-node\\src\\index.ts:1077:36)\n    at Object.compile (C:\\Users\\Amer\\Desktop\\projects\\todo-list-api\\node_modules\\ts-node\\src\\index.ts:1433:41)\n    at Module.m._compile (C:\\Users\\Amer\\Desktop\\projects\\todo-list-api\\node_modules\\ts-node\\src\\index.ts:1617:30)\n    at Module._extensions..js (node:internal/modules/cjs/loader:1308:10)\n    at Object.require.extensions.<computed> [as .ts] (C:\\Users\\Amer\\Desktop\\projects\\todo-list-api\\node_modules\\ts-node\\src\\index.ts:1621:12)\n    at Module.load (node:internal/modules/cjs/loader:1117:32)\n    at Function.Module._load (node:internal/modules/cjs/loader:958:12)\n    at Module.require (node:internal/modules/cjs/loader:1141:19)","os":{"loadavg":[0,0,0],"uptime":1227201.453},"process":{"argv":["C:\\Users\\Amer\\Desktop\\projects\\todo-list-api\\node_modules\\ts-node\\dist\\bin.js","C:\\Users\\Amer\\Desktop\\projects\\todo-list-api\\index.ts"],"cwd":"C:\\Users\\Amer\\Desktop\\projects\\todo-list-api","execPath":"C:\\Program Files\\nodejs\\node.exe","gid":null,"memoryUsage":{"arrayBuffers":4818512,"external":6227752,"heapTotal":123596800,"heapUsed":99835592,"rss":166002688},"pid":25012,"uid":null,"version":"v18.16.0"},"stack":"TSError: ⨯ Unable to compile TypeScript:\n\u001b[96mstartup/routes.ts\u001b[0m:\u001b[93m2\u001b[0m:\u001b[93m22\u001b[0m - \u001b[91merror\u001b[0m\u001b[90m TS2307: \u001b[0mCannot find module '../routes/products' or its corresponding type declarations.\r\n\r\n\u001b[7m2\u001b[0m import products from \"../routes/products\";\r\n\u001b[7m \u001b[0m \u001b[91m                     ~~~~~~~~~~~~~~~~~~~~\u001b[0m\r\n\u001b[96mstartup/routes.ts\u001b[0m:\u001b[93m3\u001b[0m:\u001b[93m20\u001b[0m - \u001b[91merror\u001b[0m\u001b[90m TS2307: \u001b[0mCannot find module '../routes/orders' or its corresponding type declarations.\r\n\r\n\u001b[7m3\u001b[0m import orders from \"../routes/orders\";\r\n\u001b[7m \u001b[0m \u001b[91m                   ~~~~~~~~~~~~~~~~~~\u001b[0m\r\n\u001b[96mstartup/routes.ts\u001b[0m:\u001b[93m4\u001b[0m:\u001b[93m19\u001b[0m - \u001b[91merror\u001b[0m\u001b[90m TS2307: \u001b[0mCannot find module '../routes/users' or its corresponding type declarations.\r\n\r\n\u001b[7m4\u001b[0m import users from \"../routes/users\";\r\n\u001b[7m \u001b[0m \u001b[91m                  ~~~~~~~~~~~~~~~~~\u001b[0m\r\n\u001b[96mstartup/routes.ts\u001b[0m:\u001b[93m5\u001b[0m:\u001b[93m18\u001b[0m - \u001b[91merror\u001b[0m\u001b[90m TS2307: \u001b[0mCannot find module '../routes/auth' or its corresponding type declarations.\r\n\r\n\u001b[7m5\u001b[0m import auth from \"../routes/auth\";\r\n\u001b[7m \u001b[0m \u001b[91m                 ~~~~~~~~~~~~~~~~\u001b[0m\r\n\n    at createTSError (C:\\Users\\Amer\\Desktop\\projects\\todo-list-api\\node_modules\\ts-node\\src\\index.ts:859:12)\n    at reportTSError (C:\\Users\\Amer\\Desktop\\projects\\todo-list-api\\node_modules\\ts-node\\src\\index.ts:863:19)\n    at getOutput (C:\\Users\\Amer\\Desktop\\projects\\todo-list-api\\node_modules\\ts-node\\src\\index.ts:1077:36)\n    at Object.compile (C:\\Users\\Amer\\Desktop\\projects\\todo-list-api\\node_modules\\ts-node\\src\\index.ts:1433:41)\n    at Module.m._compile (C:\\Users\\Amer\\Desktop\\projects\\todo-list-api\\node_modules\\ts-node\\src\\index.ts:1617:30)\n    at Module._extensions..js (node:internal/modules/cjs/loader:1308:10)\n    at Object.require.extensions.<computed> [as .ts] (C:\\Users\\Amer\\Desktop\\projects\\todo-list-api\\node_modules\\ts-node\\src\\index.ts:1621:12)\n    at Module.load (node:internal/modules/cjs/loader:1117:32)\n    at Function.Module._load (node:internal/modules/cjs/loader:958:12)\n    at Module.require (node:internal/modules/cjs/loader:1141:19)","timestamp":"2024-01-19T18:04:51.504Z","trace":[{"column":12,"file":"C:\\Users\\Amer\\Desktop\\projects\\todo-list-api\\node_modules\\ts-node\\src\\index.ts","function":"createTSError","line":859,"method":null,"native":false},{"column":19,"file":"C:\\Users\\Amer\\Desktop\\projects\\todo-list-api\\node_modules\\ts-node\\src\\index.ts","function":"reportTSError","line":863,"method":null,"native":false},{"column":36,"file":"C:\\Users\\Amer\\Desktop\\projects\\todo-list-api\\node_modules\\ts-node\\src\\index.ts","function":"getOutput","line":1077,"method":null,"native":false},{"column":41,"file":"C:\\Users\\Amer\\Desktop\\projects\\todo-list-api\\node_modules\\ts-node\\src\\index.ts","function":"Object.compile","line":1433,"method":"compile","native":false},{"column":30,"file":"C:\\Users\\Amer\\Desktop\\projects\\todo-list-api\\node_modules\\ts-node\\src\\index.ts","function":"Module.m._compile","line":1617,"method":"_compile","native":false},{"column":10,"file":"node:internal/modules/cjs/loader","function":"Module._extensions..js","line":1308,"method":".js","native":false},{"column":12,"file":"C:\\Users\\Amer\\Desktop\\projects\\todo-list-api\\node_modules\\ts-node\\src\\index.ts","function":"Object.require.extensions.<computed> [as .ts]","line":1621,"method":"ts]","native":false},{"column":32,"file":"node:internal/modules/cjs/loader","function":"Module.load","line":1117,"method":"load","native":false},{"column":12,"file":"node:internal/modules/cjs/loader","function":"Module._load","line":958,"method":"_load","native":false},{"column":19,"file":"node:internal/modules/cjs/loader","function":"Module.require","line":1141,"method":"require","native":false}]}
{"date":"Fri Jan 19 2024 21:14:21 GMT+0300 (Moscow Standard Time)","error":{"diagnosticCodes":[2724]},"exception":true,"level":"error","message":"uncaughtException: ⨯ Unable to compile TypeScript:\n\u001b[96mstartup/routes.ts\u001b[0m:\u001b[93m4\u001b[0m:\u001b[93m10\u001b[0m - \u001b[91merror\u001b[0m\u001b[90m TS2724: \u001b[0m'\"config\"' has no exported member named 'Config'. Did you mean 'IConfig'?\r\n\r\n\u001b[7m4\u001b[0m import { Config } from \"config\";\r\n\u001b[7m \u001b[0m \u001b[91m         ~~~~~~\u001b[0m\r\n\nTSError: ⨯ Unable to compile TypeScript:\n\u001b[96mstartup/routes.ts\u001b[0m:\u001b[93m4\u001b[0m:\u001b[93m10\u001b[0m - \u001b[91merror\u001b[0m\u001b[90m TS2724: \u001b[0m'\"config\"' has no exported member named 'Config'. Did you mean 'IConfig'?\r\n\r\n\u001b[7m4\u001b[0m import { Config } from \"config\";\r\n\u001b[7m \u001b[0m \u001b[91m         ~~~~~~\u001b[0m\r\n\n    at createTSError (C:\\Users\\Amer\\Desktop\\projects\\todo-list-api\\node_modules\\ts-node\\src\\index.ts:859:12)\n    at reportTSError (C:\\Users\\Amer\\Desktop\\projects\\todo-list-api\\node_modules\\ts-node\\src\\index.ts:863:19)\n    at getOutput (C:\\Users\\Amer\\Desktop\\projects\\todo-list-api\\node_modules\\ts-node\\src\\index.ts:1077:36)\n    at Object.compile (C:\\Users\\Amer\\Desktop\\projects\\todo-list-api\\node_modules\\ts-node\\src\\index.ts:1433:41)\n    at Module.m._compile (C:\\Users\\Amer\\Desktop\\projects\\todo-list-api\\node_modules\\ts-node\\src\\index.ts:1617:30)\n    at Module._extensions..js (node:internal/modules/cjs/loader:1308:10)\n    at Object.require.extensions.<computed> [as .ts] (C:\\Users\\Amer\\Desktop\\projects\\todo-list-api\\node_modules\\ts-node\\src\\index.ts:1621:12)\n    at Module.load (node:internal/modules/cjs/loader:1117:32)\n    at Function.Module._load (node:internal/modules/cjs/loader:958:12)\n    at Module.require (node:internal/modules/cjs/loader:1141:19)","os":{"loadavg":[0,0,0],"uptime":1227771.609},"process":{"argv":["C:\\Users\\Amer\\Desktop\\projects\\todo-list-api\\node_modules\\ts-node\\dist\\bin.js","C:\\Users\\Amer\\Desktop\\projects\\todo-list-api\\index.ts"],"cwd":"C:\\Users\\Amer\\Desktop\\projects\\todo-list-api","execPath":"C:\\Program Files\\nodejs\\node.exe","gid":null,"memoryUsage":{"arrayBuffers":3694887,"external":5104127,"heapTotal":123596800,"heapUsed":98063080,"rss":166055936},"pid":10172,"uid":null,"version":"v18.16.0"},"stack":"TSError: ⨯ Unable to compile TypeScript:\n\u001b[96mstartup/routes.ts\u001b[0m:\u001b[93m4\u001b[0m:\u001b[93m10\u001b[0m - \u001b[91merror\u001b[0m\u001b[90m TS2724: \u001b[0m'\"config\"' has no exported member named 'Config'. Did you mean 'IConfig'?\r\n\r\n\u001b[7m4\u001b[0m import { Config } from \"config\";\r\n\u001b[7m \u001b[0m \u001b[91m         ~~~~~~\u001b[0m\r\n\n    at createTSError (C:\\Users\\Amer\\Desktop\\projects\\todo-list-api\\node_modules\\ts-node\\src\\index.ts:859:12)\n    at reportTSError (C:\\Users\\Amer\\Desktop\\projects\\todo-list-api\\node_modules\\ts-node\\src\\index.ts:863:19)\n    at getOutput (C:\\Users\\Amer\\Desktop\\projects\\todo-list-api\\node_modules\\ts-node\\src\\index.ts:1077:36)\n    at Object.compile (C:\\Users\\Amer\\Desktop\\projects\\todo-list-api\\node_modules\\ts-node\\src\\index.ts:1433:41)\n    at Module.m._compile (C:\\Users\\Amer\\Desktop\\projects\\todo-list-api\\node_modules\\ts-node\\src\\index.ts:1617:30)\n    at Module._extensions..js (node:internal/modules/cjs/loader:1308:10)\n    at Object.require.extensions.<computed> [as .ts] (C:\\Users\\Amer\\Desktop\\projects\\todo-list-api\\node_modules\\ts-node\\src\\index.ts:1621:12)\n    at Module.load (node:internal/modules/cjs/loader:1117:32)\n    at Function.Module._load (node:internal/modules/cjs/loader:958:12)\n    at Module.require (node:internal/modules/cjs/loader:1141:19)","timestamp":"2024-01-19T18:14:21.659Z","trace":[{"column":12,"file":"C:\\Users\\Amer\\Desktop\\projects\\todo-list-api\\node_modules\\ts-node\\src\\index.ts","function":"createTSError","line":859,"method":null,"native":false},{"column":19,"file":"C:\\Users\\Amer\\Desktop\\projects\\todo-list-api\\node_modules\\ts-node\\src\\index.ts","function":"reportTSError","line":863,"method":null,"native":false},{"column":36,"file":"C:\\Users\\Amer\\Desktop\\projects\\todo-list-api\\node_modules\\ts-node\\src\\index.ts","function":"getOutput","line":1077,"method":null,"native":false},{"column":41,"file":"C:\\Users\\Amer\\Desktop\\projects\\todo-list-api\\node_modules\\ts-node\\src\\index.ts","function":"Object.compile","line":1433,"method":"compile","native":false},{"column":30,"file":"C:\\Users\\Amer\\Desktop\\projects\\todo-list-api\\node_modules\\ts-node\\src\\index.ts","function":"Module.m._compile","line":1617,"method":"_compile","native":false},{"column":10,"file":"node:internal/modules/cjs/loader","function":"Module._extensions..js","line":1308,"method":".js","native":false},{"column":12,"file":"C:\\Users\\Amer\\Desktop\\projects\\todo-list-api\\node_modules\\ts-node\\src\\index.ts","function":"Object.require.extensions.<computed> [as .ts]","line":1621,"method":"ts]","native":false},{"column":32,"file":"node:internal/modules/cjs/loader","function":"Module.load","line":1117,"method":"load","native":false},{"column":12,"file":"node:internal/modules/cjs/loader","function":"Module._load","line":958,"method":"_load","native":false},{"column":19,"file":"node:internal/modules/cjs/loader","function":"Module.require","line":1141,"method":"require","native":false}]}
{"date":"Sat Jan 27 2024 17:00:33 GMT+0300 (Moscow Standard Time)","error":{},"exception":true,"level":"error","message":"uncaughtException: Configuration property \"port\" is not defined\nError: Configuration property \"port\" is not defined\n    at Config.get (C:\\Users\\Amer\\Desktop\\projects\\todo-list-api\\node_modules\\config\\lib\\config.js:182:11)\n    at Object.<anonymous> (C:\\Users\\Amer\\Desktop\\projects\\todo-list-api\\index.ts:18:21)\n    at Module._compile (node:internal/modules/cjs/loader:1254:14)\n    at Module.m._compile (C:\\Users\\Amer\\Desktop\\projects\\todo-list-api\\node_modules\\ts-node\\src\\index.ts:1618:23)\n    at Module._extensions..js (node:internal/modules/cjs/loader:1308:10)\n    at Object.require.extensions.<computed> [as .ts] (C:\\Users\\Amer\\Desktop\\projects\\todo-list-api\\node_modules\\ts-node\\src\\index.ts:1621:12)\n    at Module.load (node:internal/modules/cjs/loader:1117:32)\n    at Function.Module._load (node:internal/modules/cjs/loader:958:12)\n    at Function.executeUserEntryPoint [as runMain] (node:internal/modules/run_main:81:12)\n    at phase4 (C:\\Users\\Amer\\Desktop\\projects\\todo-list-api\\node_modules\\ts-node\\src\\bin.ts:649:14)","os":{"loadavg":[0,0,0],"uptime":597866.453},"process":{"argv":["C:\\Users\\Amer\\Desktop\\projects\\todo-list-api\\node_modules\\ts-node\\dist\\bin.js","C:\\Users\\Amer\\Desktop\\projects\\todo-list-api\\index.ts"],"cwd":"C:\\Users\\Amer\\Desktop\\projects\\todo-list-api","execPath":"C:\\Program Files\\nodejs\\node.exe","gid":null,"memoryUsage":{"arrayBuffers":3820439,"external":5229755,"heapTotal":129830912,"heapUsed":109536056,"rss":170319872},"pid":18460,"uid":null,"version":"v18.16.0"},"stack":"Error: Configuration property \"port\" is not defined\n    at Config.get (C:\\Users\\Amer\\Desktop\\projects\\todo-list-api\\node_modules\\config\\lib\\config.js:182:11)\n    at Object.<anonymous> (C:\\Users\\Amer\\Desktop\\projects\\todo-list-api\\index.ts:18:21)\n    at Module._compile (node:internal/modules/cjs/loader:1254:14)\n    at Module.m._compile (C:\\Users\\Amer\\Desktop\\projects\\todo-list-api\\node_modules\\ts-node\\src\\index.ts:1618:23)\n    at Module._extensions..js (node:internal/modules/cjs/loader:1308:10)\n    at Object.require.extensions.<computed> [as .ts] (C:\\Users\\Amer\\Desktop\\projects\\todo-list-api\\node_modules\\ts-node\\src\\index.ts:1621:12)\n    at Module.load (node:internal/modules/cjs/loader:1117:32)\n    at Function.Module._load (node:internal/modules/cjs/loader:958:12)\n    at Function.executeUserEntryPoint [as runMain] (node:internal/modules/run_main:81:12)\n    at phase4 (C:\\Users\\Amer\\Desktop\\projects\\todo-list-api\\node_modules\\ts-node\\src\\bin.ts:649:14)","timestamp":"2024-01-27T14:00:33.312Z","trace":[{"column":11,"file":"C:\\Users\\Amer\\Desktop\\projects\\todo-list-api\\node_modules\\config\\lib\\config.js","function":"Config.get","line":182,"method":"get","native":false},{"column":21,"file":"C:\\Users\\Amer\\Desktop\\projects\\todo-list-api\\index.ts","function":null,"line":18,"method":null,"native":false},{"column":14,"file":"node:internal/modules/cjs/loader","function":"Module._compile","line":1254,"method":"_compile","native":false},{"column":23,"file":"C:\\Users\\Amer\\Desktop\\projects\\todo-list-api\\node_modules\\ts-node\\src\\index.ts","function":"Module.m._compile","line":1618,"method":"_compile","native":false},{"column":10,"file":"node:internal/modules/cjs/loader","function":"Module._extensions..js","line":1308,"method":".js","native":false},{"column":12,"file":"C:\\Users\\Amer\\Desktop\\projects\\todo-list-api\\node_modules\\ts-node\\src\\index.ts","function":"Object.require.extensions.<computed> [as .ts]","line":1621,"method":"ts]","native":false},{"column":32,"file":"node:internal/modules/cjs/loader","function":"Module.load","line":1117,"method":"load","native":false},{"column":12,"file":"node:internal/modules/cjs/loader","function":"Module._load","line":958,"method":"_load","native":false},{"column":12,"file":"node:internal/modules/run_main","function":"Function.executeUserEntryPoint [as runMain]","line":81,"method":"executeUserEntryPoint [as runMain]","native":false},{"column":14,"file":"C:\\Users\\Amer\\Desktop\\projects\\todo-list-api\\node_modules\\ts-node\\src\\bin.ts","function":"phase4","line":649,"method":null,"native":false}]}
{"date":"Sat Jan 27 2024 17:00:43 GMT+0300 (Moscow Standard Time)","error":{},"exception":true,"level":"error","message":"uncaughtException: Configuration property \"port\" is not defined\nError: Configuration property \"port\" is not defined\n    at Config.get (C:\\Users\\Amer\\Desktop\\projects\\todo-list-api\\node_modules\\config\\lib\\config.js:182:11)\n    at Object.<anonymous> (C:\\Users\\Amer\\Desktop\\projects\\todo-list-api\\index.ts:18:21)\n    at Module._compile (node:internal/modules/cjs/loader:1254:14)\n    at Module.m._compile (C:\\Users\\Amer\\Desktop\\projects\\todo-list-api\\node_modules\\ts-node\\src\\index.ts:1618:23)\n    at Module._extensions..js (node:internal/modules/cjs/loader:1308:10)\n    at Object.require.extensions.<computed> [as .ts] (C:\\Users\\Amer\\Desktop\\projects\\todo-list-api\\node_modules\\ts-node\\src\\index.ts:1621:12)\n    at Module.load (node:internal/modules/cjs/loader:1117:32)\n    at Function.Module._load (node:internal/modules/cjs/loader:958:12)\n    at Function.executeUserEntryPoint [as runMain] (node:internal/modules/run_main:81:12)\n    at phase4 (C:\\Users\\Amer\\Desktop\\projects\\todo-list-api\\node_modules\\ts-node\\src\\bin.ts:649:14)","os":{"loadavg":[0,0,0],"uptime":597876.5},"process":{"argv":["C:\\Users\\Amer\\Desktop\\projects\\todo-list-api\\node_modules\\ts-node\\dist\\bin.js","C:\\Users\\Amer\\Desktop\\projects\\todo-list-api\\index.ts"],"cwd":"C:\\Users\\Amer\\Desktop\\projects\\todo-list-api","execPath":"C:\\Program Files\\nodejs\\node.exe","gid":null,"memoryUsage":{"arrayBuffers":2631160,"external":4040476,"heapTotal":139120640,"heapUsed":119077792,"rss":184262656},"pid":19480,"uid":null,"version":"v18.16.0"},"stack":"Error: Configuration property \"port\" is not defined\n    at Config.get (C:\\Users\\Amer\\Desktop\\projects\\todo-list-api\\node_modules\\config\\lib\\config.js:182:11)\n    at Object.<anonymous> (C:\\Users\\Amer\\Desktop\\projects\\todo-list-api\\index.ts:18:21)\n    at Module._compile (node:internal/modules/cjs/loader:1254:14)\n    at Module.m._compile (C:\\Users\\Amer\\Desktop\\projects\\todo-list-api\\node_modules\\ts-node\\src\\index.ts:1618:23)\n    at Module._extensions..js (node:internal/modules/cjs/loader:1308:10)\n    at Object.require.extensions.<computed> [as .ts] (C:\\Users\\Amer\\Desktop\\projects\\todo-list-api\\node_modules\\ts-node\\src\\index.ts:1621:12)\n    at Module.load (node:internal/modules/cjs/loader:1117:32)\n    at Function.Module._load (node:internal/modules/cjs/loader:958:12)\n    at Function.executeUserEntryPoint [as runMain] (node:internal/modules/run_main:81:12)\n    at phase4 (C:\\Users\\Amer\\Desktop\\projects\\todo-list-api\\node_modules\\ts-node\\src\\bin.ts:649:14)","timestamp":"2024-01-27T14:00:43.362Z","trace":[{"column":11,"file":"C:\\Users\\Amer\\Desktop\\projects\\todo-list-api\\node_modules\\config\\lib\\config.js","function":"Config.get","line":182,"method":"get","native":false},{"column":21,"file":"C:\\Users\\Amer\\Desktop\\projects\\todo-list-api\\index.ts","function":null,"line":18,"method":null,"native":false},{"column":14,"file":"node:internal/modules/cjs/loader","function":"Module._compile","line":1254,"method":"_compile","native":false},{"column":23,"file":"C:\\Users\\Amer\\Desktop\\projects\\todo-list-api\\node_modules\\ts-node\\src\\index.ts","function":"Module.m._compile","line":1618,"method":"_compile","native":false},{"column":10,"file":"node:internal/modules/cjs/loader","function":"Module._extensions..js","line":1308,"method":".js","native":false},{"column":12,"file":"C:\\Users\\Amer\\Desktop\\projects\\todo-list-api\\node_modules\\ts-node\\src\\index.ts","function":"Object.require.extensions.<computed> [as .ts]","line":1621,"method":"ts]","native":false},{"column":32,"file":"node:internal/modules/cjs/loader","function":"Module.load","line":1117,"method":"load","native":false},{"column":12,"file":"node:internal/modules/cjs/loader","function":"Module._load","line":958,"method":"_load","native":false},{"column":12,"file":"node:internal/modules/run_main","function":"Function.executeUserEntryPoint [as runMain]","line":81,"method":"executeUserEntryPoint [as runMain]","native":false},{"column":14,"file":"C:\\Users\\Amer\\Desktop\\projects\\todo-list-api\\node_modules\\ts-node\\src\\bin.ts","function":"phase4","line":649,"method":null,"native":false}]}
{"date":"Sat Jan 27 2024 17:10:11 GMT+0300 (Moscow Standard Time)","error":{},"exception":true,"level":"error","message":"uncaughtException: Configuration property \"port\" is not defined\nError: Configuration property \"port\" is not defined\n    at Config.get (C:\\Users\\Amer\\Desktop\\projects\\todo-list-api\\node_modules\\config\\lib\\config.js:182:11)\n    at Object.<anonymous> (C:\\Users\\Amer\\Desktop\\projects\\todo-list-api\\index.ts:18:21)\n    at Module._compile (node:internal/modules/cjs/loader:1254:14)\n    at Module.m._compile (C:\\Users\\Amer\\Desktop\\projects\\todo-list-api\\node_modules\\ts-node\\src\\index.ts:1618:23)\n    at Module._extensions..js (node:internal/modules/cjs/loader:1308:10)\n    at Object.require.extensions.<computed> [as .ts] (C:\\Users\\Amer\\Desktop\\projects\\todo-list-api\\node_modules\\ts-node\\src\\index.ts:1621:12)\n    at Module.load (node:internal/modules/cjs/loader:1117:32)\n    at Function.Module._load (node:internal/modules/cjs/loader:958:12)\n    at Function.executeUserEntryPoint [as runMain] (node:internal/modules/run_main:81:12)\n    at phase4 (C:\\Users\\Amer\\Desktop\\projects\\todo-list-api\\node_modules\\ts-node\\src\\bin.ts:649:14)","os":{"loadavg":[0,0,0],"uptime":598444.937},"process":{"argv":["C:\\Users\\Amer\\Desktop\\projects\\todo-list-api\\node_modules\\ts-node\\dist\\bin.js","C:\\Users\\Amer\\Desktop\\projects\\todo-list-api\\index.ts"],"cwd":"C:\\Users\\Amer\\Desktop\\projects\\todo-list-api","execPath":"C:\\Program Files\\nodejs\\node.exe","gid":null,"memoryUsage":{"arrayBuffers":3859586,"external":5268826,"heapTotal":128577536,"heapUsed":106509000,"rss":169009152},"pid":20864,"uid":null,"version":"v18.16.0"},"stack":"Error: Configuration property \"port\" is not defined\n    at Config.get (C:\\Users\\Amer\\Desktop\\projects\\todo-list-api\\node_modules\\config\\lib\\config.js:182:11)\n    at Object.<anonymous> (C:\\Users\\Amer\\Desktop\\projects\\todo-list-api\\index.ts:18:21)\n    at Module._compile (node:internal/modules/cjs/loader:1254:14)\n    at Module.m._compile (C:\\Users\\Amer\\Desktop\\projects\\todo-list-api\\node_modules\\ts-node\\src\\index.ts:1618:23)\n    at Module._extensions..js (node:internal/modules/cjs/loader:1308:10)\n    at Object.require.extensions.<computed> [as .ts] (C:\\Users\\Amer\\Desktop\\projects\\todo-list-api\\node_modules\\ts-node\\src\\index.ts:1621:12)\n    at Module.load (node:internal/modules/cjs/loader:1117:32)\n    at Function.Module._load (node:internal/modules/cjs/loader:958:12)\n    at Function.executeUserEntryPoint [as runMain] (node:internal/modules/run_main:81:12)\n    at phase4 (C:\\Users\\Amer\\Desktop\\projects\\todo-list-api\\node_modules\\ts-node\\src\\bin.ts:649:14)","timestamp":"2024-01-27T14:10:11.796Z","trace":[{"column":11,"file":"C:\\Users\\Amer\\Desktop\\projects\\todo-list-api\\node_modules\\config\\lib\\config.js","function":"Config.get","line":182,"method":"get","native":false},{"column":21,"file":"C:\\Users\\Amer\\Desktop\\projects\\todo-list-api\\index.ts","function":null,"line":18,"method":null,"native":false},{"column":14,"file":"node:internal/modules/cjs/loader","function":"Module._compile","line":1254,"method":"_compile","native":false},{"column":23,"file":"C:\\Users\\Amer\\Desktop\\projects\\todo-list-api\\node_modules\\ts-node\\src\\index.ts","function":"Module.m._compile","line":1618,"method":"_compile","native":false},{"column":10,"file":"node:internal/modules/cjs/loader","function":"Module._extensions..js","line":1308,"method":".js","native":false},{"column":12,"file":"C:\\Users\\Amer\\Desktop\\projects\\todo-list-api\\node_modules\\ts-node\\src\\index.ts","function":"Object.require.extensions.<computed> [as .ts]","line":1621,"method":"ts]","native":false},{"column":32,"file":"node:internal/modules/cjs/loader","function":"Module.load","line":1117,"method":"load","native":false},{"column":12,"file":"node:internal/modules/cjs/loader","function":"Module._load","line":958,"method":"_load","native":false},{"column":12,"file":"node:internal/modules/run_main","function":"Function.executeUserEntryPoint [as runMain]","line":81,"method":"executeUserEntryPoint [as runMain]","native":false},{"column":14,"file":"C:\\Users\\Amer\\Desktop\\projects\\todo-list-api\\node_modules\\ts-node\\src\\bin.ts","function":"phase4","line":649,"method":null,"native":false}]}
{"date":"Sun Jan 28 2024 19:01:02 GMT+0300 (Moscow Standard Time)","error":{"diagnosticCodes":[7006,7006]},"exception":true,"level":"error","message":"uncaughtException: ⨯ Unable to compile TypeScript:\n\u001b[96mroutes/todos.ts\u001b[0m:\u001b[93m31\u001b[0m:\u001b[93m10\u001b[0m - \u001b[91merror\u001b[0m\u001b[90m TS7006: \u001b[0mParameter 'req' implicitly has an 'any' type.\r\n\r\n\u001b[7m31\u001b[0m   async (req, res) => {\r\n\u001b[7m  \u001b[0m \u001b[91m         ~~~\u001b[0m\r\n\u001b[96mroutes/todos.ts\u001b[0m:\u001b[93m31\u001b[0m:\u001b[93m15\u001b[0m - \u001b[91merror\u001b[0m\u001b[90m TS7006: \u001b[0mParameter 'res' implicitly has an 'any' type.\r\n\r\n\u001b[7m31\u001b[0m   async (req, res) => {\r\n\u001b[7m  \u001b[0m \u001b[91m              ~~~\u001b[0m\r\n\nTSError: ⨯ Unable to compile TypeScript:\n\u001b[96mroutes/todos.ts\u001b[0m:\u001b[93m31\u001b[0m:\u001b[93m10\u001b[0m - \u001b[91merror\u001b[0m\u001b[90m TS7006: \u001b[0mParameter 'req' implicitly has an 'any' type.\r\n\r\n\u001b[7m31\u001b[0m   async (req, res) => {\r\n\u001b[7m  \u001b[0m \u001b[91m         ~~~\u001b[0m\r\n\u001b[96mroutes/todos.ts\u001b[0m:\u001b[93m31\u001b[0m:\u001b[93m15\u001b[0m - \u001b[91merror\u001b[0m\u001b[90m TS7006: \u001b[0mParameter 'res' implicitly has an 'any' type.\r\n\r\n\u001b[7m31\u001b[0m   async (req, res) => {\r\n\u001b[7m  \u001b[0m \u001b[91m              ~~~\u001b[0m\r\n\n    at createTSError (C:\\Users\\Amer\\Desktop\\projects\\todo-list-api\\node_modules\\ts-node\\src\\index.ts:859:12)\n    at reportTSError (C:\\Users\\Amer\\Desktop\\projects\\todo-list-api\\node_modules\\ts-node\\src\\index.ts:863:19)\n    at getOutput (C:\\Users\\Amer\\Desktop\\projects\\todo-list-api\\node_modules\\ts-node\\src\\index.ts:1077:36)\n    at Object.compile (C:\\Users\\Amer\\Desktop\\projects\\todo-list-api\\node_modules\\ts-node\\src\\index.ts:1433:41)\n    at Module.m._compile (C:\\Users\\Amer\\Desktop\\projects\\todo-list-api\\node_modules\\ts-node\\src\\index.ts:1617:30)\n    at Module._extensions..js (node:internal/modules/cjs/loader:1308:10)\n    at Object.require.extensions.<computed> [as .ts] (C:\\Users\\Amer\\Desktop\\projects\\todo-list-api\\node_modules\\ts-node\\src\\index.ts:1621:12)\n    at Module.load (node:internal/modules/cjs/loader:1117:32)\n    at Function.Module._load (node:internal/modules/cjs/loader:958:12)\n    at Module.require (node:internal/modules/cjs/loader:1141:19)","os":{"loadavg":[0,0,0],"uptime":691495.953},"process":{"argv":["C:\\Users\\Amer\\Desktop\\projects\\todo-list-api\\node_modules\\ts-node\\dist\\bin.js","C:\\Users\\Amer\\Desktop\\projects\\todo-list-api\\index.ts"],"cwd":"C:\\Users\\Amer\\Desktop\\projects\\todo-list-api","execPath":"C:\\Program Files\\nodejs\\node.exe","gid":null,"memoryUsage":{"arrayBuffers":2481128,"external":5078440,"heapTotal":136916992,"heapUsed":91024016,"rss":170708992},"pid":22176,"uid":null,"version":"v18.16.0"},"stack":"TSError: ⨯ Unable to compile TypeScript:\n\u001b[96mroutes/todos.ts\u001b[0m:\u001b[93m31\u001b[0m:\u001b[93m10\u001b[0m - \u001b[91merror\u001b[0m\u001b[90m TS7006: \u001b[0mParameter 'req' implicitly has an 'any' type.\r\n\r\n\u001b[7m31\u001b[0m   async (req, res) => {\r\n\u001b[7m  \u001b[0m \u001b[91m         ~~~\u001b[0m\r\n\u001b[96mroutes/todos.ts\u001b[0m:\u001b[93m31\u001b[0m:\u001b[93m15\u001b[0m - \u001b[91merror\u001b[0m\u001b[90m TS7006: \u001b[0mParameter 'res' implicitly has an 'any' type.\r\n\r\n\u001b[7m31\u001b[0m   async (req, res) => {\r\n\u001b[7m  \u001b[0m \u001b[91m              ~~~\u001b[0m\r\n\n    at createTSError (C:\\Users\\Amer\\Desktop\\projects\\todo-list-api\\node_modules\\ts-node\\src\\index.ts:859:12)\n    at reportTSError (C:\\Users\\Amer\\Desktop\\projects\\todo-list-api\\node_modules\\ts-node\\src\\index.ts:863:19)\n    at getOutput (C:\\Users\\Amer\\Desktop\\projects\\todo-list-api\\node_modules\\ts-node\\src\\index.ts:1077:36)\n    at Object.compile (C:\\Users\\Amer\\Desktop\\projects\\todo-list-api\\node_modules\\ts-node\\src\\index.ts:1433:41)\n    at Module.m._compile (C:\\Users\\Amer\\Desktop\\projects\\todo-list-api\\node_modules\\ts-node\\src\\index.ts:1617:30)\n    at Module._extensions..js (node:internal/modules/cjs/loader:1308:10)\n    at Object.require.extensions.<computed> [as .ts] (C:\\Users\\Amer\\Desktop\\projects\\todo-list-api\\node_modules\\ts-node\\src\\index.ts:1621:12)\n    at Module.load (node:internal/modules/cjs/loader:1117:32)\n    at Function.Module._load (node:internal/modules/cjs/loader:958:12)\n    at Module.require (node:internal/modules/cjs/loader:1141:19)","timestamp":"2024-01-28T16:01:02.806Z","trace":[{"column":12,"file":"C:\\Users\\Amer\\Desktop\\projects\\todo-list-api\\node_modules\\ts-node\\src\\index.ts","function":"createTSError","line":859,"method":null,"native":false},{"column":19,"file":"C:\\Users\\Amer\\Desktop\\projects\\todo-list-api\\node_modules\\ts-node\\src\\index.ts","function":"reportTSError","line":863,"method":null,"native":false},{"column":36,"file":"C:\\Users\\Amer\\Desktop\\projects\\todo-list-api\\node_modules\\ts-node\\src\\index.ts","function":"getOutput","line":1077,"method":null,"native":false},{"column":41,"file":"C:\\Users\\Amer\\Desktop\\projects\\todo-list-api\\node_modules\\ts-node\\src\\index.ts","function":"Object.compile","line":1433,"method":"compile","native":false},{"column":30,"file":"C:\\Users\\Amer\\Desktop\\projects\\todo-list-api\\node_modules\\ts-node\\src\\index.ts","function":"Module.m._compile","line":1617,"method":"_compile","native":false},{"column":10,"file":"node:internal/modules/cjs/loader","function":"Module._extensions..js","line":1308,"method":".js","native":false},{"column":12,"file":"C:\\Users\\Amer\\Desktop\\projects\\todo-list-api\\node_modules\\ts-node\\src\\index.ts","function":"Object.require.extensions.<computed> [as .ts]","line":1621,"method":"ts]","native":false},{"column":32,"file":"node:internal/modules/cjs/loader","function":"Module.load","line":1117,"method":"load","native":false},{"column":12,"file":"node:internal/modules/cjs/loader","function":"Module._load","line":958,"method":"_load","native":false},{"column":19,"file":"node:internal/modules/cjs/loader","function":"Module.require","line":1141,"method":"require","native":false}]}
{"date":"Sun Jan 28 2024 19:01:16 GMT+0300 (Moscow Standard Time)","error":{"diagnosticCodes":[7053]},"exception":true,"level":"error","message":"uncaughtException: ⨯ Unable to compile TypeScript:\n\u001b[96mmiddleware/validateId.ts\u001b[0m:\u001b[93m21\u001b[0m:\u001b[93m26\u001b[0m - \u001b[91merror\u001b[0m\u001b[90m TS7053: \u001b[0mElement implicitly has an 'any' type because expression of type 'string' can't be used to index type 'PrismaClient<PrismaClientOptions, never, DefaultArgs>'.\r\n  No index signature with a parameter of type 'string' was found on type 'PrismaClient<PrismaClientOptions, never, DefaultArgs>'.\r\n\r\n\u001b[7m21\u001b[0m     const record = await prisma[model].findUnique({\r\n\u001b[7m  \u001b[0m \u001b[91m                         ~~~~~~~~~~~~~\u001b[0m\r\n\nTSError: ⨯ Unable to compile TypeScript:\n\u001b[96mmiddleware/validateId.ts\u001b[0m:\u001b[93m21\u001b[0m:\u001b[93m26\u001b[0m - \u001b[91merror\u001b[0m\u001b[90m TS7053: \u001b[0mElement implicitly has an 'any' type because expression of type 'string' can't be used to index type 'PrismaClient<PrismaClientOptions, never, DefaultArgs>'.\r\n  No index signature with a parameter of type 'string' was found on type 'PrismaClient<PrismaClientOptions, never, DefaultArgs>'.\r\n\r\n\u001b[7m21\u001b[0m     const record = await prisma[model].findUnique({\r\n\u001b[7m  \u001b[0m \u001b[91m                         ~~~~~~~~~~~~~\u001b[0m\r\n\n    at createTSError (C:\\Users\\Amer\\Desktop\\projects\\todo-list-api\\node_modules\\ts-node\\src\\index.ts:859:12)\n    at reportTSError (C:\\Users\\Amer\\Desktop\\projects\\todo-list-api\\node_modules\\ts-node\\src\\index.ts:863:19)\n    at getOutput (C:\\Users\\Amer\\Desktop\\projects\\todo-list-api\\node_modules\\ts-node\\src\\index.ts:1077:36)\n    at Object.compile (C:\\Users\\Amer\\Desktop\\projects\\todo-list-api\\node_modules\\ts-node\\src\\index.ts:1433:41)\n    at Module.m._compile (C:\\Users\\Amer\\Desktop\\projects\\todo-list-api\\node_modules\\ts-node\\src\\index.ts:1617:30)\n    at Module._extensions..js (node:internal/modules/cjs/loader:1308:10)\n    at Object.require.extensions.<computed> [as .ts] (C:\\Users\\Amer\\Desktop\\projects\\todo-list-api\\node_modules\\ts-node\\src\\index.ts:1621:12)\n    at Module.load (node:internal/modules/cjs/loader:1117:32)\n    at Function.Module._load (node:internal/modules/cjs/loader:958:12)\n    at Module.require (node:internal/modules/cjs/loader:1141:19)","os":{"loadavg":[0,0,0],"uptime":691509.453},"process":{"argv":["C:\\Users\\Amer\\Desktop\\projects\\todo-list-api\\node_modules\\ts-node\\dist\\bin.js","C:\\Users\\Amer\\Desktop\\projects\\todo-list-api\\index.ts"],"cwd":"C:\\Users\\Amer\\Desktop\\projects\\todo-list-api","execPath":"C:\\Program Files\\nodejs\\node.exe","gid":null,"memoryUsage":{"arrayBuffers":2871105,"external":4279693,"heapTotal":139481088,"heapUsed":99962568,"rss":176914432},"pid":11000,"uid":null,"version":"v18.16.0"},"stack":"TSError: ⨯ Unable to compile TypeScript:\n\u001b[96mmiddleware/validateId.ts\u001b[0m:\u001b[93m21\u001b[0m:\u001b[93m26\u001b[0m - \u001b[91merror\u001b[0m\u001b[90m TS7053: \u001b[0mElement implicitly has an 'any' type because expression of type 'string' can't be used to index type 'PrismaClient<PrismaClientOptions, never, DefaultArgs>'.\r\n  No index signature with a parameter of type 'string' was found on type 'PrismaClient<PrismaClientOptions, never, DefaultArgs>'.\r\n\r\n\u001b[7m21\u001b[0m     const record = await prisma[model].findUnique({\r\n\u001b[7m  \u001b[0m \u001b[91m                         ~~~~~~~~~~~~~\u001b[0m\r\n\n    at createTSError (C:\\Users\\Amer\\Desktop\\projects\\todo-list-api\\node_modules\\ts-node\\src\\index.ts:859:12)\n    at reportTSError (C:\\Users\\Amer\\Desktop\\projects\\todo-list-api\\node_modules\\ts-node\\src\\index.ts:863:19)\n    at getOutput (C:\\Users\\Amer\\Desktop\\projects\\todo-list-api\\node_modules\\ts-node\\src\\index.ts:1077:36)\n    at Object.compile (C:\\Users\\Amer\\Desktop\\projects\\todo-list-api\\node_modules\\ts-node\\src\\index.ts:1433:41)\n    at Module.m._compile (C:\\Users\\Amer\\Desktop\\projects\\todo-list-api\\node_modules\\ts-node\\src\\index.ts:1617:30)\n    at Module._extensions..js (node:internal/modules/cjs/loader:1308:10)\n    at Object.require.extensions.<computed> [as .ts] (C:\\Users\\Amer\\Desktop\\projects\\todo-list-api\\node_modules\\ts-node\\src\\index.ts:1621:12)\n    at Module.load (node:internal/modules/cjs/loader:1117:32)\n    at Function.Module._load (node:internal/modules/cjs/loader:958:12)\n    at Module.require (node:internal/modules/cjs/loader:1141:19)","timestamp":"2024-01-28T16:01:16.305Z","trace":[{"column":12,"file":"C:\\Users\\Amer\\Desktop\\projects\\todo-list-api\\node_modules\\ts-node\\src\\index.ts","function":"createTSError","line":859,"method":null,"native":false},{"column":19,"file":"C:\\Users\\Amer\\Desktop\\projects\\todo-list-api\\node_modules\\ts-node\\src\\index.ts","function":"reportTSError","line":863,"method":null,"native":false},{"column":36,"file":"C:\\Users\\Amer\\Desktop\\projects\\todo-list-api\\node_modules\\ts-node\\src\\index.ts","function":"getOutput","line":1077,"method":null,"native":false},{"column":41,"file":"C:\\Users\\Amer\\Desktop\\projects\\todo-list-api\\node_modules\\ts-node\\src\\index.ts","function":"Object.compile","line":1433,"method":"compile","native":false},{"column":30,"file":"C:\\Users\\Amer\\Desktop\\projects\\todo-list-api\\node_modules\\ts-node\\src\\index.ts","function":"Module.m._compile","line":1617,"method":"_compile","native":false},{"column":10,"file":"node:internal/modules/cjs/loader","function":"Module._extensions..js","line":1308,"method":".js","native":false},{"column":12,"file":"C:\\Users\\Amer\\Desktop\\projects\\todo-list-api\\node_modules\\ts-node\\src\\index.ts","function":"Object.require.extensions.<computed> [as .ts]","line":1621,"method":"ts]","native":false},{"column":32,"file":"node:internal/modules/cjs/loader","function":"Module.load","line":1117,"method":"load","native":false},{"column":12,"file":"node:internal/modules/cjs/loader","function":"Module._load","line":958,"method":"_load","native":false},{"column":19,"file":"node:internal/modules/cjs/loader","function":"Module.require","line":1141,"method":"require","native":false}]}
{"date":"Sun Jan 28 2024 19:03:43 GMT+0300 (Moscow Standard Time)","error":{"diagnosticCodes":[7053]},"exception":true,"level":"error","message":"uncaughtException: ⨯ Unable to compile TypeScript:\n\u001b[96mmiddleware/validateId.ts\u001b[0m:\u001b[93m21\u001b[0m:\u001b[93m26\u001b[0m - \u001b[91merror\u001b[0m\u001b[90m TS7053: \u001b[0mElement implicitly has an 'any' type because expression of type 'string' can't be used to index type 'PrismaClient<PrismaClientOptions, never, DefaultArgs>'.\r\n  No index signature with a parameter of type 'string' was found on type 'PrismaClient<PrismaClientOptions, never, DefaultArgs>'.\r\n\r\n\u001b[7m21\u001b[0m     const record = await prisma[model].findUnique({\r\n\u001b[7m  \u001b[0m \u001b[91m                         ~~~~~~~~~~~~~\u001b[0m\r\n\nTSError: ⨯ Unable to compile TypeScript:\n\u001b[96mmiddleware/validateId.ts\u001b[0m:\u001b[93m21\u001b[0m:\u001b[93m26\u001b[0m - \u001b[91merror\u001b[0m\u001b[90m TS7053: \u001b[0mElement implicitly has an 'any' type because expression of type 'string' can't be used to index type 'PrismaClient<PrismaClientOptions, never, DefaultArgs>'.\r\n  No index signature with a parameter of type 'string' was found on type 'PrismaClient<PrismaClientOptions, never, DefaultArgs>'.\r\n\r\n\u001b[7m21\u001b[0m     const record = await prisma[model].findUnique({\r\n\u001b[7m  \u001b[0m \u001b[91m                         ~~~~~~~~~~~~~\u001b[0m\r\n\n    at createTSError (C:\\Users\\Amer\\Desktop\\projects\\todo-list-api\\node_modules\\ts-node\\src\\index.ts:859:12)\n    at reportTSError (C:\\Users\\Amer\\Desktop\\projects\\todo-list-api\\node_modules\\ts-node\\src\\index.ts:863:19)\n    at getOutput (C:\\Users\\Amer\\Desktop\\projects\\todo-list-api\\node_modules\\ts-node\\src\\index.ts:1077:36)\n    at Object.compile (C:\\Users\\Amer\\Desktop\\projects\\todo-list-api\\node_modules\\ts-node\\src\\index.ts:1433:41)\n    at Module.m._compile (C:\\Users\\Amer\\Desktop\\projects\\todo-list-api\\node_modules\\ts-node\\src\\index.ts:1617:30)\n    at Module._extensions..js (node:internal/modules/cjs/loader:1308:10)\n    at Object.require.extensions.<computed> [as .ts] (C:\\Users\\Amer\\Desktop\\projects\\todo-list-api\\node_modules\\ts-node\\src\\index.ts:1621:12)\n    at Module.load (node:internal/modules/cjs/loader:1117:32)\n    at Function.Module._load (node:internal/modules/cjs/loader:958:12)\n    at Module.require (node:internal/modules/cjs/loader:1141:19)","os":{"loadavg":[0,0,0],"uptime":691656.984},"process":{"argv":["C:\\Users\\Amer\\Desktop\\projects\\todo-list-api\\node_modules\\ts-node\\dist\\bin.js","C:\\Users\\Amer\\Desktop\\projects\\todo-list-api\\index.ts"],"cwd":"C:\\Users\\Amer\\Desktop\\projects\\todo-list-api","execPath":"C:\\Program Files\\nodejs\\node.exe","gid":null,"memoryUsage":{"arrayBuffers":3024663,"external":4433251,"heapTotal":135811072,"heapUsed":101382728,"rss":174112768},"pid":9728,"uid":null,"version":"v18.16.0"},"stack":"TSError: ⨯ Unable to compile TypeScript:\n\u001b[96mmiddleware/validateId.ts\u001b[0m:\u001b[93m21\u001b[0m:\u001b[93m26\u001b[0m - \u001b[91merror\u001b[0m\u001b[90m TS7053: \u001b[0mElement implicitly has an 'any' type because expression of type 'string' can't be used to index type 'PrismaClient<PrismaClientOptions, never, DefaultArgs>'.\r\n  No index signature with a parameter of type 'string' was found on type 'PrismaClient<PrismaClientOptions, never, DefaultArgs>'.\r\n\r\n\u001b[7m21\u001b[0m     const record = await prisma[model].findUnique({\r\n\u001b[7m  \u001b[0m \u001b[91m                         ~~~~~~~~~~~~~\u001b[0m\r\n\n    at createTSError (C:\\Users\\Amer\\Desktop\\projects\\todo-list-api\\node_modules\\ts-node\\src\\index.ts:859:12)\n    at reportTSError (C:\\Users\\Amer\\Desktop\\projects\\todo-list-api\\node_modules\\ts-node\\src\\index.ts:863:19)\n    at getOutput (C:\\Users\\Amer\\Desktop\\projects\\todo-list-api\\node_modules\\ts-node\\src\\index.ts:1077:36)\n    at Object.compile (C:\\Users\\Amer\\Desktop\\projects\\todo-list-api\\node_modules\\ts-node\\src\\index.ts:1433:41)\n    at Module.m._compile (C:\\Users\\Amer\\Desktop\\projects\\todo-list-api\\node_modules\\ts-node\\src\\index.ts:1617:30)\n    at Module._extensions..js (node:internal/modules/cjs/loader:1308:10)\n    at Object.require.extensions.<computed> [as .ts] (C:\\Users\\Amer\\Desktop\\projects\\todo-list-api\\node_modules\\ts-node\\src\\index.ts:1621:12)\n    at Module.load (node:internal/modules/cjs/loader:1117:32)\n    at Function.Module._load (node:internal/modules/cjs/loader:958:12)\n    at Module.require (node:internal/modules/cjs/loader:1141:19)","timestamp":"2024-01-28T16:03:43.839Z","trace":[{"column":12,"file":"C:\\Users\\Amer\\Desktop\\projects\\todo-list-api\\node_modules\\ts-node\\src\\index.ts","function":"createTSError","line":859,"method":null,"native":false},{"column":19,"file":"C:\\Users\\Amer\\Desktop\\projects\\todo-list-api\\node_modules\\ts-node\\src\\index.ts","function":"reportTSError","line":863,"method":null,"native":false},{"column":36,"file":"C:\\Users\\Amer\\Desktop\\projects\\todo-list-api\\node_modules\\ts-node\\src\\index.ts","function":"getOutput","line":1077,"method":null,"native":false},{"column":41,"file":"C:\\Users\\Amer\\Desktop\\projects\\todo-list-api\\node_modules\\ts-node\\src\\index.ts","function":"Object.compile","line":1433,"method":"compile","native":false},{"column":30,"file":"C:\\Users\\Amer\\Desktop\\projects\\todo-list-api\\node_modules\\ts-node\\src\\index.ts","function":"Module.m._compile","line":1617,"method":"_compile","native":false},{"column":10,"file":"node:internal/modules/cjs/loader","function":"Module._extensions..js","line":1308,"method":".js","native":false},{"column":12,"file":"C:\\Users\\Amer\\Desktop\\projects\\todo-list-api\\node_modules\\ts-node\\src\\index.ts","function":"Object.require.extensions.<computed> [as .ts]","line":1621,"method":"ts]","native":false},{"column":32,"file":"node:internal/modules/cjs/loader","function":"Module.load","line":1117,"method":"load","native":false},{"column":12,"file":"node:internal/modules/cjs/loader","function":"Module._load","line":958,"method":"_load","native":false},{"column":19,"file":"node:internal/modules/cjs/loader","function":"Module.require","line":1141,"method":"require","native":false}]}
{"date":"Sun Feb 11 2024 20:12:49 GMT+0300 (Moscow Standard Time)","error":{},"exception":true,"level":"error","message":"uncaughtException: Configuration property \"mailerPass\" is not defined\nError: Configuration property \"mailerPass\" is not defined\n    at Config.get (C:\\Users\\Amer\\Desktop\\projects\\todo-list-api\\node_modules\\config\\lib\\config.js:182:11)\n    at module.exports (C:\\Users\\Amer\\Desktop\\projects\\todo-list-api\\startup\\mailer.ts:12:20)\n    at Object.<anonymous> (C:\\Users\\Amer\\Desktop\\projects\\todo-list-api\\index.ts:12:55)\n    at Module._compile (node:internal/modules/cjs/loader:1254:14)\n    at Module.m._compile (C:\\Users\\Amer\\Desktop\\projects\\todo-list-api\\node_modules\\ts-node\\src\\index.ts:1618:23)\n    at Module._extensions..js (node:internal/modules/cjs/loader:1308:10)\n    at Object.require.extensions.<computed> [as .ts] (C:\\Users\\Amer\\Desktop\\projects\\todo-list-api\\node_modules\\ts-node\\src\\index.ts:1621:12)\n    at Module.load (node:internal/modules/cjs/loader:1117:32)\n    at Function.Module._load (node:internal/modules/cjs/loader:958:12)\n    at Function.executeUserEntryPoint [as runMain] (node:internal/modules/run_main:81:12)","os":{"loadavg":[0,0,0],"uptime":275918.656},"process":{"argv":["C:\\Users\\Amer\\Desktop\\projects\\todo-list-api\\node_modules\\ts-node\\dist\\bin.js","C:\\Users\\Amer\\Desktop\\projects\\todo-list-api\\index.ts"],"cwd":"C:\\Users\\Amer\\Desktop\\projects\\todo-list-api","execPath":"C:\\Program Files\\nodejs\\node.exe","gid":null,"memoryUsage":{"arrayBuffers":3042843,"external":4572082,"heapTotal":162533376,"heapUsed":137296944,"rss":205340672},"pid":64488,"uid":null,"version":"v18.16.0"},"stack":"Error: Configuration property \"mailerPass\" is not defined\n    at Config.get (C:\\Users\\Amer\\Desktop\\projects\\todo-list-api\\node_modules\\config\\lib\\config.js:182:11)\n    at module.exports (C:\\Users\\Amer\\Desktop\\projects\\todo-list-api\\startup\\mailer.ts:12:20)\n    at Object.<anonymous> (C:\\Users\\Amer\\Desktop\\projects\\todo-list-api\\index.ts:12:55)\n    at Module._compile (node:internal/modules/cjs/loader:1254:14)\n    at Module.m._compile (C:\\Users\\Amer\\Desktop\\projects\\todo-list-api\\node_modules\\ts-node\\src\\index.ts:1618:23)\n    at Module._extensions..js (node:internal/modules/cjs/loader:1308:10)\n    at Object.require.extensions.<computed> [as .ts] (C:\\Users\\Amer\\Desktop\\projects\\todo-list-api\\node_modules\\ts-node\\src\\index.ts:1621:12)\n    at Module.load (node:internal/modules/cjs/loader:1117:32)\n    at Function.Module._load (node:internal/modules/cjs/loader:958:12)\n    at Function.executeUserEntryPoint [as runMain] (node:internal/modules/run_main:81:12)","timestamp":"2024-02-11T17:12:49.857Z","trace":[{"column":11,"file":"C:\\Users\\Amer\\Desktop\\projects\\todo-list-api\\node_modules\\config\\lib\\config.js","function":"Config.get","line":182,"method":"get","native":false},{"column":20,"file":"C:\\Users\\Amer\\Desktop\\projects\\todo-list-api\\startup\\mailer.ts","function":"module.exports","line":12,"method":"exports","native":false},{"column":55,"file":"C:\\Users\\Amer\\Desktop\\projects\\todo-list-api\\index.ts","function":null,"line":12,"method":null,"native":false},{"column":14,"file":"node:internal/modules/cjs/loader","function":"Module._compile","line":1254,"method":"_compile","native":false},{"column":23,"file":"C:\\Users\\Amer\\Desktop\\projects\\todo-list-api\\node_modules\\ts-node\\src\\index.ts","function":"Module.m._compile","line":1618,"method":"_compile","native":false},{"column":10,"file":"node:internal/modules/cjs/loader","function":"Module._extensions..js","line":1308,"method":".js","native":false},{"column":12,"file":"C:\\Users\\Amer\\Desktop\\projects\\todo-list-api\\node_modules\\ts-node\\src\\index.ts","function":"Object.require.extensions.<computed> [as .ts]","line":1621,"method":"ts]","native":false},{"column":32,"file":"node:internal/modules/cjs/loader","function":"Module.load","line":1117,"method":"load","native":false},{"column":12,"file":"node:internal/modules/cjs/loader","function":"Module._load","line":958,"method":"_load","native":false},{"column":12,"file":"node:internal/modules/run_main","function":"Function.executeUserEntryPoint [as runMain]","line":81,"method":"executeUserEntryPoint [as runMain]","native":false}]}
{"date":"Sun Feb 11 2024 20:13:25 GMT+0300 (Moscow Standard Time)","error":{},"exception":true,"level":"error","message":"uncaughtException: Configuration property \"mailerPass\" is not defined\nError: Configuration property \"mailerPass\" is not defined\n    at Config.get (C:\\Users\\Amer\\Desktop\\projects\\todo-list-api\\node_modules\\config\\lib\\config.js:182:11)\n    at module.exports (C:\\Users\\Amer\\Desktop\\projects\\todo-list-api\\startup\\mailer.ts:12:20)\n    at Object.<anonymous> (C:\\Users\\Amer\\Desktop\\projects\\todo-list-api\\index.ts:12:55)\n    at Module._compile (node:internal/modules/cjs/loader:1254:14)\n    at Module.m._compile (C:\\Users\\Amer\\Desktop\\projects\\todo-list-api\\node_modules\\ts-node\\src\\index.ts:1618:23)\n    at Module._extensions..js (node:internal/modules/cjs/loader:1308:10)\n    at Object.require.extensions.<computed> [as .ts] (C:\\Users\\Amer\\Desktop\\projects\\todo-list-api\\node_modules\\ts-node\\src\\index.ts:1621:12)\n    at Module.load (node:internal/modules/cjs/loader:1117:32)\n    at Function.Module._load (node:internal/modules/cjs/loader:958:12)\n    at Function.executeUserEntryPoint [as runMain] (node:internal/modules/run_main:81:12)","os":{"loadavg":[0,0,0],"uptime":275954.328},"process":{"argv":["C:\\Users\\Amer\\Desktop\\projects\\todo-list-api\\node_modules\\ts-node\\dist\\bin.js","C:\\Users\\Amer\\Desktop\\projects\\todo-list-api\\index.ts"],"cwd":"C:\\Users\\Amer\\Desktop\\projects\\todo-list-api","execPath":"C:\\Program Files\\nodejs\\node.exe","gid":null,"memoryUsage":{"arrayBuffers":2755784,"external":4284295,"heapTotal":149311488,"heapUsed":119287560,"rss":191746048},"pid":73944,"uid":null,"version":"v18.16.0"},"stack":"Error: Configuration property \"mailerPass\" is not defined\n    at Config.get (C:\\Users\\Amer\\Desktop\\projects\\todo-list-api\\node_modules\\config\\lib\\config.js:182:11)\n    at module.exports (C:\\Users\\Amer\\Desktop\\projects\\todo-list-api\\startup\\mailer.ts:12:20)\n    at Object.<anonymous> (C:\\Users\\Amer\\Desktop\\projects\\todo-list-api\\index.ts:12:55)\n    at Module._compile (node:internal/modules/cjs/loader:1254:14)\n    at Module.m._compile (C:\\Users\\Amer\\Desktop\\projects\\todo-list-api\\node_modules\\ts-node\\src\\index.ts:1618:23)\n    at Module._extensions..js (node:internal/modules/cjs/loader:1308:10)\n    at Object.require.extensions.<computed> [as .ts] (C:\\Users\\Amer\\Desktop\\projects\\todo-list-api\\node_modules\\ts-node\\src\\index.ts:1621:12)\n    at Module.load (node:internal/modules/cjs/loader:1117:32)\n    at Function.Module._load (node:internal/modules/cjs/loader:958:12)\n    at Function.executeUserEntryPoint [as runMain] (node:internal/modules/run_main:81:12)","timestamp":"2024-02-11T17:13:25.535Z","trace":[{"column":11,"file":"C:\\Users\\Amer\\Desktop\\projects\\todo-list-api\\node_modules\\config\\lib\\config.js","function":"Config.get","line":182,"method":"get","native":false},{"column":20,"file":"C:\\Users\\Amer\\Desktop\\projects\\todo-list-api\\startup\\mailer.ts","function":"module.exports","line":12,"method":"exports","native":false},{"column":55,"file":"C:\\Users\\Amer\\Desktop\\projects\\todo-list-api\\index.ts","function":null,"line":12,"method":null,"native":false},{"column":14,"file":"node:internal/modules/cjs/loader","function":"Module._compile","line":1254,"method":"_compile","native":false},{"column":23,"file":"C:\\Users\\Amer\\Desktop\\projects\\todo-list-api\\node_modules\\ts-node\\src\\index.ts","function":"Module.m._compile","line":1618,"method":"_compile","native":false},{"column":10,"file":"node:internal/modules/cjs/loader","function":"Module._extensions..js","line":1308,"method":".js","native":false},{"column":12,"file":"C:\\Users\\Amer\\Desktop\\projects\\todo-list-api\\node_modules\\ts-node\\src\\index.ts","function":"Object.require.extensions.<computed> [as .ts]","line":1621,"method":"ts]","native":false},{"column":32,"file":"node:internal/modules/cjs/loader","function":"Module.load","line":1117,"method":"load","native":false},{"column":12,"file":"node:internal/modules/cjs/loader","function":"Module._load","line":958,"method":"_load","native":false},{"column":12,"file":"node:internal/modules/run_main","function":"Function.executeUserEntryPoint [as runMain]","line":81,"method":"executeUserEntryPoint [as runMain]","native":false}]}
{"date":"Mon Feb 12 2024 20:34:52 GMT+0300 (Moscow Standard Time)","error":{"diagnosticCodes":[2322]},"exception":true,"level":"error","message":"uncaughtException: ⨯ Unable to compile TypeScript:\n\u001b[96mroutes/auth.ts\u001b[0m:\u001b[93m19\u001b[0m:\u001b[93m7\u001b[0m - \u001b[91merror\u001b[0m\u001b[90m TS2322: \u001b[0mType '{ email: any; }' is not assignable to type 'UserWhereUniqueInput'.\r\n  Type '{ email: any; }' is not assignable to type '{ id: number; } & { id?: number | undefined; AND?: UserWhereInput | UserWhereInput[] | undefined; OR?: UserWhereInput[] | undefined; ... 5 more ...; emailVerification?: (Without<...> & emailVerificationWhereInput) | ... 2 more ... | undefined; }'.\r\n    Property 'id' is missing in type '{ email: any; }' but required in type '{ id: number; }'.\r\n\r\n\u001b[7m19\u001b[0m       where: { email: userCredentials.email },\r\n\u001b[7m  \u001b[0m \u001b[91m      ~~~~~\u001b[0m\r\n\r\n  \u001b[96mnode_modules/.prisma/client/index.d.ts\u001b[0m:\u001b[93m1715\u001b[0m:\u001b[93m5\u001b[0m\r\n    \u001b[7m1715\u001b[0m     where: UserWhereUniqueInput\r\n    \u001b[7m    \u001b[0m \u001b[96m    ~~~~~\u001b[0m\r\n    The expected type comes from property 'where' which is declared here on type '{ select?: UserSelect<DefaultArgs> | null | undefined; include?: UserInclude<DefaultArgs> | null | undefined; where: UserWhereUniqueInput; }'\r\n\nTSError: ⨯ Unable to compile TypeScript:\n\u001b[96mroutes/auth.ts\u001b[0m:\u001b[93m19\u001b[0m:\u001b[93m7\u001b[0m - \u001b[91merror\u001b[0m\u001b[90m TS2322: \u001b[0mType '{ email: any; }' is not assignable to type 'UserWhereUniqueInput'.\r\n  Type '{ email: any; }' is not assignable to type '{ id: number; } & { id?: number | undefined; AND?: UserWhereInput | UserWhereInput[] | undefined; OR?: UserWhereInput[] | undefined; ... 5 more ...; emailVerification?: (Without<...> & emailVerificationWhereInput) | ... 2 more ... | undefined; }'.\r\n    Property 'id' is missing in type '{ email: any; }' but required in type '{ id: number; }'.\r\n\r\n\u001b[7m19\u001b[0m       where: { email: userCredentials.email },\r\n\u001b[7m  \u001b[0m \u001b[91m      ~~~~~\u001b[0m\r\n\r\n  \u001b[96mnode_modules/.prisma/client/index.d.ts\u001b[0m:\u001b[93m1715\u001b[0m:\u001b[93m5\u001b[0m\r\n    \u001b[7m1715\u001b[0m     where: UserWhereUniqueInput\r\n    \u001b[7m    \u001b[0m \u001b[96m    ~~~~~\u001b[0m\r\n    The expected type comes from property 'where' which is declared here on type '{ select?: UserSelect<DefaultArgs> | null | undefined; include?: UserInclude<DefaultArgs> | null | undefined; where: UserWhereUniqueInput; }'\r\n\n    at createTSError (C:\\Users\\Amer\\Desktop\\projects\\todo-list-api\\node_modules\\ts-node\\src\\index.ts:859:12)\n    at reportTSError (C:\\Users\\Amer\\Desktop\\projects\\todo-list-api\\node_modules\\ts-node\\src\\index.ts:863:19)\n    at getOutput (C:\\Users\\Amer\\Desktop\\projects\\todo-list-api\\node_modules\\ts-node\\src\\index.ts:1077:36)\n    at Object.compile (C:\\Users\\Amer\\Desktop\\projects\\todo-list-api\\node_modules\\ts-node\\src\\index.ts:1433:41)\n    at Module.m._compile (C:\\Users\\Amer\\Desktop\\projects\\todo-list-api\\node_modules\\ts-node\\src\\index.ts:1617:30)\n    at Module._extensions..js (node:internal/modules/cjs/loader:1308:10)\n    at Object.require.extensions.<computed> [as .ts] (C:\\Users\\Amer\\Desktop\\projects\\todo-list-api\\node_modules\\ts-node\\src\\index.ts:1621:12)\n    at Module.load (node:internal/modules/cjs/loader:1117:32)\n    at Function.Module._load (node:internal/modules/cjs/loader:958:12)\n    at Module.require (node:internal/modules/cjs/loader:1141:19)","os":{"loadavg":[0,0,0],"uptime":363641.703},"process":{"argv":["C:\\Users\\Amer\\Desktop\\projects\\todo-list-api\\node_modules\\ts-node\\dist\\bin.js","C:\\Users\\Amer\\Desktop\\projects\\todo-list-api\\index.ts"],"cwd":"C:\\Users\\Amer\\Desktop\\projects\\todo-list-api","execPath":"C:\\Program Files\\nodejs\\node.exe","gid":null,"memoryUsage":{"arrayBuffers":2695311,"external":4103899,"heapTotal":142495744,"heapUsed":119157088,"rss":186138624},"pid":95032,"uid":null,"version":"v18.16.0"},"stack":"TSError: ⨯ Unable to compile TypeScript:\n\u001b[96mroutes/auth.ts\u001b[0m:\u001b[93m19\u001b[0m:\u001b[93m7\u001b[0m - \u001b[91merror\u001b[0m\u001b[90m TS2322: \u001b[0mType '{ email: any; }' is not assignable to type 'UserWhereUniqueInput'.\r\n  Type '{ email: any; }' is not assignable to type '{ id: number; } & { id?: number | undefined; AND?: UserWhereInput | UserWhereInput[] | undefined; OR?: UserWhereInput[] | undefined; ... 5 more ...; emailVerification?: (Without<...> & emailVerificationWhereInput) | ... 2 more ... | undefined; }'.\r\n    Property 'id' is missing in type '{ email: any; }' but required in type '{ id: number; }'.\r\n\r\n\u001b[7m19\u001b[0m       where: { email: userCredentials.email },\r\n\u001b[7m  \u001b[0m \u001b[91m      ~~~~~\u001b[0m\r\n\r\n  \u001b[96mnode_modules/.prisma/client/index.d.ts\u001b[0m:\u001b[93m1715\u001b[0m:\u001b[93m5\u001b[0m\r\n    \u001b[7m1715\u001b[0m     where: UserWhereUniqueInput\r\n    \u001b[7m    \u001b[0m \u001b[96m    ~~~~~\u001b[0m\r\n    The expected type comes from property 'where' which is declared here on type '{ select?: UserSelect<DefaultArgs> | null | undefined; include?: UserInclude<DefaultArgs> | null | undefined; where: UserWhereUniqueInput; }'\r\n\n    at createTSError (C:\\Users\\Amer\\Desktop\\projects\\todo-list-api\\node_modules\\ts-node\\src\\index.ts:859:12)\n    at reportTSError (C:\\Users\\Amer\\Desktop\\projects\\todo-list-api\\node_modules\\ts-node\\src\\index.ts:863:19)\n    at getOutput (C:\\Users\\Amer\\Desktop\\projects\\todo-list-api\\node_modules\\ts-node\\src\\index.ts:1077:36)\n    at Object.compile (C:\\Users\\Amer\\Desktop\\projects\\todo-list-api\\node_modules\\ts-node\\src\\index.ts:1433:41)\n    at Module.m._compile (C:\\Users\\Amer\\Desktop\\projects\\todo-list-api\\node_modules\\ts-node\\src\\index.ts:1617:30)\n    at Module._extensions..js (node:internal/modules/cjs/loader:1308:10)\n    at Object.require.extensions.<computed> [as .ts] (C:\\Users\\Amer\\Desktop\\projects\\todo-list-api\\node_modules\\ts-node\\src\\index.ts:1621:12)\n    at Module.load (node:internal/modules/cjs/loader:1117:32)\n    at Function.Module._load (node:internal/modules/cjs/loader:958:12)\n    at Module.require (node:internal/modules/cjs/loader:1141:19)","timestamp":"2024-02-12T17:34:52.905Z","trace":[{"column":12,"file":"C:\\Users\\Amer\\Desktop\\projects\\todo-list-api\\node_modules\\ts-node\\src\\index.ts","function":"createTSError","line":859,"method":null,"native":false},{"column":19,"file":"C:\\Users\\Amer\\Desktop\\projects\\todo-list-api\\node_modules\\ts-node\\src\\index.ts","function":"reportTSError","line":863,"method":null,"native":false},{"column":36,"file":"C:\\Users\\Amer\\Desktop\\projects\\todo-list-api\\node_modules\\ts-node\\src\\index.ts","function":"getOutput","line":1077,"method":null,"native":false},{"column":41,"file":"C:\\Users\\Amer\\Desktop\\projects\\todo-list-api\\node_modules\\ts-node\\src\\index.ts","function":"Object.compile","line":1433,"method":"compile","native":false},{"column":30,"file":"C:\\Users\\Amer\\Desktop\\projects\\todo-list-api\\node_modules\\ts-node\\src\\index.ts","function":"Module.m._compile","line":1617,"method":"_compile","native":false},{"column":10,"file":"node:internal/modules/cjs/loader","function":"Module._extensions..js","line":1308,"method":".js","native":false},{"column":12,"file":"C:\\Users\\Amer\\Desktop\\projects\\todo-list-api\\node_modules\\ts-node\\src\\index.ts","function":"Object.require.extensions.<computed> [as .ts]","line":1621,"method":"ts]","native":false},{"column":32,"file":"node:internal/modules/cjs/loader","function":"Module.load","line":1117,"method":"load","native":false},{"column":12,"file":"node:internal/modules/cjs/loader","function":"Module._load","line":958,"method":"_load","native":false},{"column":19,"file":"node:internal/modules/cjs/loader","function":"Module.require","line":1141,"method":"require","native":false}]}
{"date":"Tue Feb 13 2024 20:12:32 GMT+0300 (Moscow Standard Time)","error":{"diagnosticCodes":[7006]},"exception":true,"level":"error","message":"uncaughtException: ⨯ Unable to compile TypeScript:\n\u001b[96mroutes/users.ts\u001b[0m:\u001b[93m79\u001b[0m:\u001b[93m13\u001b[0m - \u001b[91merror\u001b[0m\u001b[90m TS7006: \u001b[0mParameter 'err' implicitly has an 'any' type.\r\n\r\n\u001b[7m79\u001b[0m     .catch((err) => {\r\n\u001b[7m  \u001b[0m \u001b[91m            ~~~\u001b[0m\r\n\nTSError: ⨯ Unable to compile TypeScript:\n\u001b[96mroutes/users.ts\u001b[0m:\u001b[93m79\u001b[0m:\u001b[93m13\u001b[0m - \u001b[91merror\u001b[0m\u001b[90m TS7006: \u001b[0mParameter 'err' implicitly has an 'any' type.\r\n\r\n\u001b[7m79\u001b[0m     .catch((err) => {\r\n\u001b[7m  \u001b[0m \u001b[91m            ~~~\u001b[0m\r\n\n    at createTSError (C:\\Users\\Amer\\Desktop\\projects\\todo-list-api\\node_modules\\ts-node\\src\\index.ts:859:12)\n    at reportTSError (C:\\Users\\Amer\\Desktop\\projects\\todo-list-api\\node_modules\\ts-node\\src\\index.ts:863:19)\n    at getOutput (C:\\Users\\Amer\\Desktop\\projects\\todo-list-api\\node_modules\\ts-node\\src\\index.ts:1077:36)\n    at Object.compile (C:\\Users\\Amer\\Desktop\\projects\\todo-list-api\\node_modules\\ts-node\\src\\index.ts:1433:41)\n    at Module.m._compile (C:\\Users\\Amer\\Desktop\\projects\\todo-list-api\\node_modules\\ts-node\\src\\index.ts:1617:30)\n    at Module._extensions..js (node:internal/modules/cjs/loader:1308:10)\n    at Object.require.extensions.<computed> [as .ts] (C:\\Users\\Amer\\Desktop\\projects\\todo-list-api\\node_modules\\ts-node\\src\\index.ts:1621:12)\n    at Module.load (node:internal/modules/cjs/loader:1117:32)\n    at Function.Module._load (node:internal/modules/cjs/loader:958:12)\n    at Module.require (node:internal/modules/cjs/loader:1141:19)","os":{"loadavg":[0,0,0],"uptime":448701.625},"process":{"argv":["C:\\Users\\Amer\\Desktop\\projects\\todo-list-api\\node_modules\\ts-node\\dist\\bin.js","C:\\Users\\Amer\\Desktop\\projects\\todo-list-api\\index.ts"],"cwd":"C:\\Users\\Amer\\Desktop\\projects\\todo-list-api","execPath":"C:\\Program Files\\nodejs\\node.exe","gid":null,"memoryUsage":{"arrayBuffers":2671249,"external":4079837,"heapTotal":140398592,"heapUsed":117114264,"rss":180797440},"pid":74864,"uid":null,"version":"v18.16.0"},"stack":"TSError: ⨯ Unable to compile TypeScript:\n\u001b[96mroutes/users.ts\u001b[0m:\u001b[93m79\u001b[0m:\u001b[93m13\u001b[0m - \u001b[91merror\u001b[0m\u001b[90m TS7006: \u001b[0mParameter 'err' implicitly has an 'any' type.\r\n\r\n\u001b[7m79\u001b[0m     .catch((err) => {\r\n\u001b[7m  \u001b[0m \u001b[91m            ~~~\u001b[0m\r\n\n    at createTSError (C:\\Users\\Amer\\Desktop\\projects\\todo-list-api\\node_modules\\ts-node\\src\\index.ts:859:12)\n    at reportTSError (C:\\Users\\Amer\\Desktop\\projects\\todo-list-api\\node_modules\\ts-node\\src\\index.ts:863:19)\n    at getOutput (C:\\Users\\Amer\\Desktop\\projects\\todo-list-api\\node_modules\\ts-node\\src\\index.ts:1077:36)\n    at Object.compile (C:\\Users\\Amer\\Desktop\\projects\\todo-list-api\\node_modules\\ts-node\\src\\index.ts:1433:41)\n    at Module.m._compile (C:\\Users\\Amer\\Desktop\\projects\\todo-list-api\\node_modules\\ts-node\\src\\index.ts:1617:30)\n    at Module._extensions..js (node:internal/modules/cjs/loader:1308:10)\n    at Object.require.extensions.<computed> [as .ts] (C:\\Users\\Amer\\Desktop\\projects\\todo-list-api\\node_modules\\ts-node\\src\\index.ts:1621:12)\n    at Module.load (node:internal/modules/cjs/loader:1117:32)\n    at Function.Module._load (node:internal/modules/cjs/loader:958:12)\n    at Module.require (node:internal/modules/cjs/loader:1141:19)","timestamp":"2024-02-13T17:12:32.834Z","trace":[{"column":12,"file":"C:\\Users\\Amer\\Desktop\\projects\\todo-list-api\\node_modules\\ts-node\\src\\index.ts","function":"createTSError","line":859,"method":null,"native":false},{"column":19,"file":"C:\\Users\\Amer\\Desktop\\projects\\todo-list-api\\node_modules\\ts-node\\src\\index.ts","function":"reportTSError","line":863,"method":null,"native":false},{"column":36,"file":"C:\\Users\\Amer\\Desktop\\projects\\todo-list-api\\node_modules\\ts-node\\src\\index.ts","function":"getOutput","line":1077,"method":null,"native":false},{"column":41,"file":"C:\\Users\\Amer\\Desktop\\projects\\todo-list-api\\node_modules\\ts-node\\src\\index.ts","function":"Object.compile","line":1433,"method":"compile","native":false},{"column":30,"file":"C:\\Users\\Amer\\Desktop\\projects\\todo-list-api\\node_modules\\ts-node\\src\\index.ts","function":"Module.m._compile","line":1617,"method":"_compile","native":false},{"column":10,"file":"node:internal/modules/cjs/loader","function":"Module._extensions..js","line":1308,"method":".js","native":false},{"column":12,"file":"C:\\Users\\Amer\\Desktop\\projects\\todo-list-api\\node_modules\\ts-node\\src\\index.ts","function":"Object.require.extensions.<computed> [as .ts]","line":1621,"method":"ts]","native":false},{"column":32,"file":"node:internal/modules/cjs/loader","function":"Module.load","line":1117,"method":"load","native":false},{"column":12,"file":"node:internal/modules/cjs/loader","function":"Module._load","line":958,"method":"_load","native":false},{"column":19,"file":"node:internal/modules/cjs/loader","function":"Module.require","line":1141,"method":"require","native":false}]}
{"date":"Tue Feb 13 2024 21:05:38 GMT+0300 (Moscow Standard Time)","error":{"diagnosticCodes":[2345]},"exception":true,"level":"error","message":"uncaughtException: ⨯ Unable to compile TypeScript:\n\u001b[96mroutes/users.ts\u001b[0m:\u001b[93m60\u001b[0m:\u001b[93m35\u001b[0m - \u001b[91merror\u001b[0m\u001b[90m TS2345: \u001b[0mArgument of type '{ id: number; email: string; name: string; password: string; }' is not assignable to parameter of type '{ name: string; email: string; emailVerification: { isVerified: Boolean; }; }'.\r\n  Property 'emailVerification' is missing in type '{ id: number; email: string; name: string; password: string; }' but required in type '{ name: string; email: string; emailVerification: { isVerified: Boolean; }; }'.\r\n\r\n\u001b[7m60\u001b[0m   const token = generateAuthToken(<User>createdUser);\r\n\u001b[7m  \u001b[0m \u001b[91m                                  ~~~~~~~~~~~~~~~~~\u001b[0m\r\n\r\n  \u001b[96mutils/generateAuthToken.ts\u001b[0m:\u001b[93m9\u001b[0m:\u001b[93m3\u001b[0m\r\n    \u001b[7m9\u001b[0m   emailVerification: { isVerified: Boolean };\r\n    \u001b[7m \u001b[0m \u001b[96m  ~~~~~~~~~~~~~~~~~\u001b[0m\r\n    'emailVerification' is declared here.\r\n\nTSError: ⨯ Unable to compile TypeScript:\n\u001b[96mroutes/users.ts\u001b[0m:\u001b[93m60\u001b[0m:\u001b[93m35\u001b[0m - \u001b[91merror\u001b[0m\u001b[90m TS2345: \u001b[0mArgument of type '{ id: number; email: string; name: string; password: string; }' is not assignable to parameter of type '{ name: string; email: string; emailVerification: { isVerified: Boolean; }; }'.\r\n  Property 'emailVerification' is missing in type '{ id: number; email: string; name: string; password: string; }' but required in type '{ name: string; email: string; emailVerification: { isVerified: Boolean; }; }'.\r\n\r\n\u001b[7m60\u001b[0m   const token = generateAuthToken(<User>createdUser);\r\n\u001b[7m  \u001b[0m \u001b[91m                                  ~~~~~~~~~~~~~~~~~\u001b[0m\r\n\r\n  \u001b[96mutils/generateAuthToken.ts\u001b[0m:\u001b[93m9\u001b[0m:\u001b[93m3\u001b[0m\r\n    \u001b[7m9\u001b[0m   emailVerification: { isVerified: Boolean };\r\n    \u001b[7m \u001b[0m \u001b[96m  ~~~~~~~~~~~~~~~~~\u001b[0m\r\n    'emailVerification' is declared here.\r\n\n    at createTSError (C:\\Users\\Amer\\Desktop\\projects\\todo-list-api\\node_modules\\ts-node\\src\\index.ts:859:12)\n    at reportTSError (C:\\Users\\Amer\\Desktop\\projects\\todo-list-api\\node_modules\\ts-node\\src\\index.ts:863:19)\n    at getOutput (C:\\Users\\Amer\\Desktop\\projects\\todo-list-api\\node_modules\\ts-node\\src\\index.ts:1077:36)\n    at Object.compile (C:\\Users\\Amer\\Desktop\\projects\\todo-list-api\\node_modules\\ts-node\\src\\index.ts:1433:41)\n    at Module.m._compile (C:\\Users\\Amer\\Desktop\\projects\\todo-list-api\\node_modules\\ts-node\\src\\index.ts:1617:30)\n    at Module._extensions..js (node:internal/modules/cjs/loader:1308:10)\n    at Object.require.extensions.<computed> [as .ts] (C:\\Users\\Amer\\Desktop\\projects\\todo-list-api\\node_modules\\ts-node\\src\\index.ts:1621:12)\n    at Module.load (node:internal/modules/cjs/loader:1117:32)\n    at Function.Module._load (node:internal/modules/cjs/loader:958:12)\n    at Module.require (node:internal/modules/cjs/loader:1141:19)","os":{"loadavg":[0,0,0],"uptime":451886.859},"process":{"argv":["C:\\Users\\Amer\\Desktop\\projects\\todo-list-api\\node_modules\\ts-node\\dist\\bin.js","C:\\Users\\Amer\\Desktop\\projects\\todo-list-api\\index.ts"],"cwd":"C:\\Users\\Amer\\Desktop\\projects\\todo-list-api","execPath":"C:\\Program Files\\nodejs\\node.exe","gid":null,"memoryUsage":{"arrayBuffers":2522056,"external":3931372,"heapTotal":154931200,"heapUsed":126117464,"rss":204513280},"pid":117320,"uid":null,"version":"v18.16.0"},"stack":"TSError: ⨯ Unable to compile TypeScript:\n\u001b[96mroutes/users.ts\u001b[0m:\u001b[93m60\u001b[0m:\u001b[93m35\u001b[0m - \u001b[91merror\u001b[0m\u001b[90m TS2345: \u001b[0mArgument of type '{ id: number; email: string; name: string; password: string; }' is not assignable to parameter of type '{ name: string; email: string; emailVerification: { isVerified: Boolean; }; }'.\r\n  Property 'emailVerification' is missing in type '{ id: number; email: string; name: string; password: string; }' but required in type '{ name: string; email: string; emailVerification: { isVerified: Boolean; }; }'.\r\n\r\n\u001b[7m60\u001b[0m   const token = generateAuthToken(<User>createdUser);\r\n\u001b[7m  \u001b[0m \u001b[91m                                  ~~~~~~~~~~~~~~~~~\u001b[0m\r\n\r\n  \u001b[96mutils/generateAuthToken.ts\u001b[0m:\u001b[93m9\u001b[0m:\u001b[93m3\u001b[0m\r\n    \u001b[7m9\u001b[0m   emailVerification: { isVerified: Boolean };\r\n    \u001b[7m \u001b[0m \u001b[96m  ~~~~~~~~~~~~~~~~~\u001b[0m\r\n    'emailVerification' is declared here.\r\n\n    at createTSError (C:\\Users\\Amer\\Desktop\\projects\\todo-list-api\\node_modules\\ts-node\\src\\index.ts:859:12)\n    at reportTSError (C:\\Users\\Amer\\Desktop\\projects\\todo-list-api\\node_modules\\ts-node\\src\\index.ts:863:19)\n    at getOutput (C:\\Users\\Amer\\Desktop\\projects\\todo-list-api\\node_modules\\ts-node\\src\\index.ts:1077:36)\n    at Object.compile (C:\\Users\\Amer\\Desktop\\projects\\todo-list-api\\node_modules\\ts-node\\src\\index.ts:1433:41)\n    at Module.m._compile (C:\\Users\\Amer\\Desktop\\projects\\todo-list-api\\node_modules\\ts-node\\src\\index.ts:1617:30)\n    at Module._extensions..js (node:internal/modules/cjs/loader:1308:10)\n    at Object.require.extensions.<computed> [as .ts] (C:\\Users\\Amer\\Desktop\\projects\\todo-list-api\\node_modules\\ts-node\\src\\index.ts:1621:12)\n    at Module.load (node:internal/modules/cjs/loader:1117:32)\n    at Function.Module._load (node:internal/modules/cjs/loader:958:12)\n    at Module.require (node:internal/modules/cjs/loader:1141:19)","timestamp":"2024-02-13T18:05:38.070Z","trace":[{"column":12,"file":"C:\\Users\\Amer\\Desktop\\projects\\todo-list-api\\node_modules\\ts-node\\src\\index.ts","function":"createTSError","line":859,"method":null,"native":false},{"column":19,"file":"C:\\Users\\Amer\\Desktop\\projects\\todo-list-api\\node_modules\\ts-node\\src\\index.ts","function":"reportTSError","line":863,"method":null,"native":false},{"column":36,"file":"C:\\Users\\Amer\\Desktop\\projects\\todo-list-api\\node_modules\\ts-node\\src\\index.ts","function":"getOutput","line":1077,"method":null,"native":false},{"column":41,"file":"C:\\Users\\Amer\\Desktop\\projects\\todo-list-api\\node_modules\\ts-node\\src\\index.ts","function":"Object.compile","line":1433,"method":"compile","native":false},{"column":30,"file":"C:\\Users\\Amer\\Desktop\\projects\\todo-list-api\\node_modules\\ts-node\\src\\index.ts","function":"Module.m._compile","line":1617,"method":"_compile","native":false},{"column":10,"file":"node:internal/modules/cjs/loader","function":"Module._extensions..js","line":1308,"method":".js","native":false},{"column":12,"file":"C:\\Users\\Amer\\Desktop\\projects\\todo-list-api\\node_modules\\ts-node\\src\\index.ts","function":"Object.require.extensions.<computed> [as .ts]","line":1621,"method":"ts]","native":false},{"column":32,"file":"node:internal/modules/cjs/loader","function":"Module.load","line":1117,"method":"load","native":false},{"column":12,"file":"node:internal/modules/cjs/loader","function":"Module._load","line":958,"method":"_load","native":false},{"column":19,"file":"node:internal/modules/cjs/loader","function":"Module.require","line":1141,"method":"require","native":false}]}
{"date":"Tue Feb 13 2024 21:09:33 GMT+0300 (Moscow Standard Time)","error":{"diagnosticCodes":[2552]},"exception":true,"level":"error","message":"uncaughtException: ⨯ Unable to compile TypeScript:\n\u001b[96mroutes/users.ts\u001b[0m:\u001b[93m60\u001b[0m:\u001b[93m33\u001b[0m - \u001b[91merror\u001b[0m\u001b[90m TS2552: \u001b[0mCannot find name 'createUser'. Did you mean 'createdUser'?\r\n\r\n\u001b[7m60\u001b[0m   const { name, email } = <User>createUser;\r\n\u001b[7m  \u001b[0m \u001b[91m                                ~~~~~~~~~~\u001b[0m\r\n\r\n  \u001b[96mroutes/users.ts\u001b[0m:\u001b[93m38\u001b[0m:\u001b[93m9\u001b[0m\r\n    \u001b[7m38\u001b[0m   const createdUser = await prisma.user\r\n    \u001b[7m  \u001b[0m \u001b[96m        ~~~~~~~~~~~\u001b[0m\r\n    'createdUser' is declared here.\r\n\nTSError: ⨯ Unable to compile TypeScript:\n\u001b[96mroutes/users.ts\u001b[0m:\u001b[93m60\u001b[0m:\u001b[93m33\u001b[0m - \u001b[91merror\u001b[0m\u001b[90m TS2552: \u001b[0mCannot find name 'createUser'. Did you mean 'createdUser'?\r\n\r\n\u001b[7m60\u001b[0m   const { name, email } = <User>createUser;\r\n\u001b[7m  \u001b[0m \u001b[91m                                ~~~~~~~~~~\u001b[0m\r\n\r\n  \u001b[96mroutes/users.ts\u001b[0m:\u001b[93m38\u001b[0m:\u001b[93m9\u001b[0m\r\n    \u001b[7m38\u001b[0m   const createdUser = await prisma.user\r\n    \u001b[7m  \u001b[0m \u001b[96m        ~~~~~~~~~~~\u001b[0m\r\n    'createdUser' is declared here.\r\n\n    at createTSError (C:\\Users\\Amer\\Desktop\\projects\\todo-list-api\\node_modules\\ts-node\\src\\index.ts:859:12)\n    at reportTSError (C:\\Users\\Amer\\Desktop\\projects\\todo-list-api\\node_modules\\ts-node\\src\\index.ts:863:19)\n    at getOutput (C:\\Users\\Amer\\Desktop\\projects\\todo-list-api\\node_modules\\ts-node\\src\\index.ts:1077:36)\n    at Object.compile (C:\\Users\\Amer\\Desktop\\projects\\todo-list-api\\node_modules\\ts-node\\src\\index.ts:1433:41)\n    at Module.m._compile (C:\\Users\\Amer\\Desktop\\projects\\todo-list-api\\node_modules\\ts-node\\src\\index.ts:1617:30)\n    at Module._extensions..js (node:internal/modules/cjs/loader:1308:10)\n    at Object.require.extensions.<computed> [as .ts] (C:\\Users\\Amer\\Desktop\\projects\\todo-list-api\\node_modules\\ts-node\\src\\index.ts:1621:12)\n    at Module.load (node:internal/modules/cjs/loader:1117:32)\n    at Function.Module._load (node:internal/modules/cjs/loader:958:12)\n    at Module.require (node:internal/modules/cjs/loader:1141:19)","os":{"loadavg":[0,0,0],"uptime":452122.093},"process":{"argv":["C:\\Users\\Amer\\Desktop\\projects\\todo-list-api\\node_modules\\ts-node\\dist\\bin.js","C:\\Users\\Amer\\Desktop\\projects\\todo-list-api\\index.ts"],"cwd":"C:\\Users\\Amer\\Desktop\\projects\\todo-list-api","execPath":"C:\\Program Files\\nodejs\\node.exe","gid":null,"memoryUsage":{"arrayBuffers":2671329,"external":4079917,"heapTotal":140136448,"heapUsed":116663224,"rss":189595648},"pid":111964,"uid":null,"version":"v18.16.0"},"stack":"TSError: ⨯ Unable to compile TypeScript:\n\u001b[96mroutes/users.ts\u001b[0m:\u001b[93m60\u001b[0m:\u001b[93m33\u001b[0m - \u001b[91merror\u001b[0m\u001b[90m TS2552: \u001b[0mCannot find name 'createUser'. Did you mean 'createdUser'?\r\n\r\n\u001b[7m60\u001b[0m   const { name, email } = <User>createUser;\r\n\u001b[7m  \u001b[0m \u001b[91m                                ~~~~~~~~~~\u001b[0m\r\n\r\n  \u001b[96mroutes/users.ts\u001b[0m:\u001b[93m38\u001b[0m:\u001b[93m9\u001b[0m\r\n    \u001b[7m38\u001b[0m   const createdUser = await prisma.user\r\n    \u001b[7m  \u001b[0m \u001b[96m        ~~~~~~~~~~~\u001b[0m\r\n    'createdUser' is declared here.\r\n\n    at createTSError (C:\\Users\\Amer\\Desktop\\projects\\todo-list-api\\node_modules\\ts-node\\src\\index.ts:859:12)\n    at reportTSError (C:\\Users\\Amer\\Desktop\\projects\\todo-list-api\\node_modules\\ts-node\\src\\index.ts:863:19)\n    at getOutput (C:\\Users\\Amer\\Desktop\\projects\\todo-list-api\\node_modules\\ts-node\\src\\index.ts:1077:36)\n    at Object.compile (C:\\Users\\Amer\\Desktop\\projects\\todo-list-api\\node_modules\\ts-node\\src\\index.ts:1433:41)\n    at Module.m._compile (C:\\Users\\Amer\\Desktop\\projects\\todo-list-api\\node_modules\\ts-node\\src\\index.ts:1617:30)\n    at Module._extensions..js (node:internal/modules/cjs/loader:1308:10)\n    at Object.require.extensions.<computed> [as .ts] (C:\\Users\\Amer\\Desktop\\projects\\todo-list-api\\node_modules\\ts-node\\src\\index.ts:1621:12)\n    at Module.load (node:internal/modules/cjs/loader:1117:32)\n    at Function.Module._load (node:internal/modules/cjs/loader:958:12)\n    at Module.require (node:internal/modules/cjs/loader:1141:19)","timestamp":"2024-02-13T18:09:33.302Z","trace":[{"column":12,"file":"C:\\Users\\Amer\\Desktop\\projects\\todo-list-api\\node_modules\\ts-node\\src\\index.ts","function":"createTSError","line":859,"method":null,"native":false},{"column":19,"file":"C:\\Users\\Amer\\Desktop\\projects\\todo-list-api\\node_modules\\ts-node\\src\\index.ts","function":"reportTSError","line":863,"method":null,"native":false},{"column":36,"file":"C:\\Users\\Amer\\Desktop\\projects\\todo-list-api\\node_modules\\ts-node\\src\\index.ts","function":"getOutput","line":1077,"method":null,"native":false},{"column":41,"file":"C:\\Users\\Amer\\Desktop\\projects\\todo-list-api\\node_modules\\ts-node\\src\\index.ts","function":"Object.compile","line":1433,"method":"compile","native":false},{"column":30,"file":"C:\\Users\\Amer\\Desktop\\projects\\todo-list-api\\node_modules\\ts-node\\src\\index.ts","function":"Module.m._compile","line":1617,"method":"_compile","native":false},{"column":10,"file":"node:internal/modules/cjs/loader","function":"Module._extensions..js","line":1308,"method":".js","native":false},{"column":12,"file":"C:\\Users\\Amer\\Desktop\\projects\\todo-list-api\\node_modules\\ts-node\\src\\index.ts","function":"Object.require.extensions.<computed> [as .ts]","line":1621,"method":"ts]","native":false},{"column":32,"file":"node:internal/modules/cjs/loader","function":"Module.load","line":1117,"method":"load","native":false},{"column":12,"file":"node:internal/modules/cjs/loader","function":"Module._load","line":958,"method":"_load","native":false},{"column":19,"file":"node:internal/modules/cjs/loader","function":"Module.require","line":1141,"method":"require","native":false}]}
{"date":"Tue Feb 13 2024 21:09:39 GMT+0300 (Moscow Standard Time)","error":{"diagnosticCodes":[2345]},"exception":true,"level":"error","message":"uncaughtException: ⨯ Unable to compile TypeScript:\n\u001b[96mroutes/auth.ts\u001b[0m:\u001b[93m41\u001b[0m:\u001b[93m37\u001b[0m - \u001b[91merror\u001b[0m\u001b[90m TS2345: \u001b[0mArgument of type '{ id: number; email: string; name: string; password: string; }' is not assignable to parameter of type '{ name: string; email: string; emailVerification: { isVerified: Boolean; }; }'.\r\n  Property 'emailVerification' is missing in type '{ id: number; email: string; name: string; password: string; }' but required in type '{ name: string; email: string; emailVerification: { isVerified: Boolean; }; }'.\r\n\r\n\u001b[7m41\u001b[0m     const token = generateAuthToken(user);\r\n\u001b[7m  \u001b[0m \u001b[91m                                    ~~~~\u001b[0m\r\n\r\n  \u001b[96mutils/generateAuthToken.ts\u001b[0m:\u001b[93m9\u001b[0m:\u001b[93m3\u001b[0m\r\n    \u001b[7m9\u001b[0m   emailVerification: { isVerified: Boolean };\r\n    \u001b[7m \u001b[0m \u001b[96m  ~~~~~~~~~~~~~~~~~\u001b[0m\r\n    'emailVerification' is declared here.\r\n\nTSError: ⨯ Unable to compile TypeScript:\n\u001b[96mroutes/auth.ts\u001b[0m:\u001b[93m41\u001b[0m:\u001b[93m37\u001b[0m - \u001b[91merror\u001b[0m\u001b[90m TS2345: \u001b[0mArgument of type '{ id: number; email: string; name: string; password: string; }' is not assignable to parameter of type '{ name: string; email: string; emailVerification: { isVerified: Boolean; }; }'.\r\n  Property 'emailVerification' is missing in type '{ id: number; email: string; name: string; password: string; }' but required in type '{ name: string; email: string; emailVerification: { isVerified: Boolean; }; }'.\r\n\r\n\u001b[7m41\u001b[0m     const token = generateAuthToken(user);\r\n\u001b[7m  \u001b[0m \u001b[91m                                    ~~~~\u001b[0m\r\n\r\n  \u001b[96mutils/generateAuthToken.ts\u001b[0m:\u001b[93m9\u001b[0m:\u001b[93m3\u001b[0m\r\n    \u001b[7m9\u001b[0m   emailVerification: { isVerified: Boolean };\r\n    \u001b[7m \u001b[0m \u001b[96m  ~~~~~~~~~~~~~~~~~\u001b[0m\r\n    'emailVerification' is declared here.\r\n\n    at createTSError (C:\\Users\\Amer\\Desktop\\projects\\todo-list-api\\node_modules\\ts-node\\src\\index.ts:859:12)\n    at reportTSError (C:\\Users\\Amer\\Desktop\\projects\\todo-list-api\\node_modules\\ts-node\\src\\index.ts:863:19)\n    at getOutput (C:\\Users\\Amer\\Desktop\\projects\\todo-list-api\\node_modules\\ts-node\\src\\index.ts:1077:36)\n    at Object.compile (C:\\Users\\Amer\\Desktop\\projects\\todo-list-api\\node_modules\\ts-node\\src\\index.ts:1433:41)\n    at Module.m._compile (C:\\Users\\Amer\\Desktop\\projects\\todo-list-api\\node_modules\\ts-node\\src\\index.ts:1617:30)\n    at Module._extensions..js (node:internal/modules/cjs/loader:1308:10)\n    at Object.require.extensions.<computed> [as .ts] (C:\\Users\\Amer\\Desktop\\projects\\todo-list-api\\node_modules\\ts-node\\src\\index.ts:1621:12)\n    at Module.load (node:internal/modules/cjs/loader:1117:32)\n    at Function.Module._load (node:internal/modules/cjs/loader:958:12)\n    at Module.require (node:internal/modules/cjs/loader:1141:19)","os":{"loadavg":[0,0,0],"uptime":452128.093},"process":{"argv":["C:\\Users\\Amer\\Desktop\\projects\\todo-list-api\\node_modules\\ts-node\\dist\\bin.js","C:\\Users\\Amer\\Desktop\\projects\\todo-list-api\\index.ts"],"cwd":"C:\\Users\\Amer\\Desktop\\projects\\todo-list-api","execPath":"C:\\Program Files\\nodejs\\node.exe","gid":null,"memoryUsage":{"arrayBuffers":2733460,"external":4142776,"heapTotal":157028352,"heapUsed":136928928,"rss":207740928},"pid":111132,"uid":null,"version":"v18.16.0"},"stack":"TSError: ⨯ Unable to compile TypeScript:\n\u001b[96mroutes/auth.ts\u001b[0m:\u001b[93m41\u001b[0m:\u001b[93m37\u001b[0m - \u001b[91merror\u001b[0m\u001b[90m TS2345: \u001b[0mArgument of type '{ id: number; email: string; name: string; password: string; }' is not assignable to parameter of type '{ name: string; email: string; emailVerification: { isVerified: Boolean; }; }'.\r\n  Property 'emailVerification' is missing in type '{ id: number; email: string; name: string; password: string; }' but required in type '{ name: string; email: string; emailVerification: { isVerified: Boolean; }; }'.\r\n\r\n\u001b[7m41\u001b[0m     const token = generateAuthToken(user);\r\n\u001b[7m  \u001b[0m \u001b[91m                                    ~~~~\u001b[0m\r\n\r\n  \u001b[96mutils/generateAuthToken.ts\u001b[0m:\u001b[93m9\u001b[0m:\u001b[93m3\u001b[0m\r\n    \u001b[7m9\u001b[0m   emailVerification: { isVerified: Boolean };\r\n    \u001b[7m \u001b[0m \u001b[96m  ~~~~~~~~~~~~~~~~~\u001b[0m\r\n    'emailVerification' is declared here.\r\n\n    at createTSError (C:\\Users\\Amer\\Desktop\\projects\\todo-list-api\\node_modules\\ts-node\\src\\index.ts:859:12)\n    at reportTSError (C:\\Users\\Amer\\Desktop\\projects\\todo-list-api\\node_modules\\ts-node\\src\\index.ts:863:19)\n    at getOutput (C:\\Users\\Amer\\Desktop\\projects\\todo-list-api\\node_modules\\ts-node\\src\\index.ts:1077:36)\n    at Object.compile (C:\\Users\\Amer\\Desktop\\projects\\todo-list-api\\node_modules\\ts-node\\src\\index.ts:1433:41)\n    at Module.m._compile (C:\\Users\\Amer\\Desktop\\projects\\todo-list-api\\node_modules\\ts-node\\src\\index.ts:1617:30)\n    at Module._extensions..js (node:internal/modules/cjs/loader:1308:10)\n    at Object.require.extensions.<computed> [as .ts] (C:\\Users\\Amer\\Desktop\\projects\\todo-list-api\\node_modules\\ts-node\\src\\index.ts:1621:12)\n    at Module.load (node:internal/modules/cjs/loader:1117:32)\n    at Function.Module._load (node:internal/modules/cjs/loader:958:12)\n    at Module.require (node:internal/modules/cjs/loader:1141:19)","timestamp":"2024-02-13T18:09:39.293Z","trace":[{"column":12,"file":"C:\\Users\\Amer\\Desktop\\projects\\todo-list-api\\node_modules\\ts-node\\src\\index.ts","function":"createTSError","line":859,"method":null,"native":false},{"column":19,"file":"C:\\Users\\Amer\\Desktop\\projects\\todo-list-api\\node_modules\\ts-node\\src\\index.ts","function":"reportTSError","line":863,"method":null,"native":false},{"column":36,"file":"C:\\Users\\Amer\\Desktop\\projects\\todo-list-api\\node_modules\\ts-node\\src\\index.ts","function":"getOutput","line":1077,"method":null,"native":false},{"column":41,"file":"C:\\Users\\Amer\\Desktop\\projects\\todo-list-api\\node_modules\\ts-node\\src\\index.ts","function":"Object.compile","line":1433,"method":"compile","native":false},{"column":30,"file":"C:\\Users\\Amer\\Desktop\\projects\\todo-list-api\\node_modules\\ts-node\\src\\index.ts","function":"Module.m._compile","line":1617,"method":"_compile","native":false},{"column":10,"file":"node:internal/modules/cjs/loader","function":"Module._extensions..js","line":1308,"method":".js","native":false},{"column":12,"file":"C:\\Users\\Amer\\Desktop\\projects\\todo-list-api\\node_modules\\ts-node\\src\\index.ts","function":"Object.require.extensions.<computed> [as .ts]","line":1621,"method":"ts]","native":false},{"column":32,"file":"node:internal/modules/cjs/loader","function":"Module.load","line":1117,"method":"load","native":false},{"column":12,"file":"node:internal/modules/cjs/loader","function":"Module._load","line":958,"method":"_load","native":false},{"column":19,"file":"node:internal/modules/cjs/loader","function":"Module.require","line":1141,"method":"require","native":false}]}
{"date":"Tue Feb 13 2024 21:09:45 GMT+0300 (Moscow Standard Time)","error":{"diagnosticCodes":[2345]},"exception":true,"level":"error","message":"uncaughtException: ⨯ Unable to compile TypeScript:\n\u001b[96mroutes/auth.ts\u001b[0m:\u001b[93m41\u001b[0m:\u001b[93m37\u001b[0m - \u001b[91merror\u001b[0m\u001b[90m TS2345: \u001b[0mArgument of type '{ id: number; email: string; name: string; password: string; }' is not assignable to parameter of type '{ name: string; email: string; emailVerification: { isVerified: Boolean; }; }'.\r\n  Property 'emailVerification' is missing in type '{ id: number; email: string; name: string; password: string; }' but required in type '{ name: string; email: string; emailVerification: { isVerified: Boolean; }; }'.\r\n\r\n\u001b[7m41\u001b[0m     const token = generateAuthToken(user);\r\n\u001b[7m  \u001b[0m \u001b[91m                                    ~~~~\u001b[0m\r\n\r\n  \u001b[96mutils/generateAuthToken.ts\u001b[0m:\u001b[93m9\u001b[0m:\u001b[93m3\u001b[0m\r\n    \u001b[7m9\u001b[0m   emailVerification: { isVerified: Boolean };\r\n    \u001b[7m \u001b[0m \u001b[96m  ~~~~~~~~~~~~~~~~~\u001b[0m\r\n    'emailVerification' is declared here.\r\n\nTSError: ⨯ Unable to compile TypeScript:\n\u001b[96mroutes/auth.ts\u001b[0m:\u001b[93m41\u001b[0m:\u001b[93m37\u001b[0m - \u001b[91merror\u001b[0m\u001b[90m TS2345: \u001b[0mArgument of type '{ id: number; email: string; name: string; password: string; }' is not assignable to parameter of type '{ name: string; email: string; emailVerification: { isVerified: Boolean; }; }'.\r\n  Property 'emailVerification' is missing in type '{ id: number; email: string; name: string; password: string; }' but required in type '{ name: string; email: string; emailVerification: { isVerified: Boolean; }; }'.\r\n\r\n\u001b[7m41\u001b[0m     const token = generateAuthToken(user);\r\n\u001b[7m  \u001b[0m \u001b[91m                                    ~~~~\u001b[0m\r\n\r\n  \u001b[96mutils/generateAuthToken.ts\u001b[0m:\u001b[93m9\u001b[0m:\u001b[93m3\u001b[0m\r\n    \u001b[7m9\u001b[0m   emailVerification: { isVerified: Boolean };\r\n    \u001b[7m \u001b[0m \u001b[96m  ~~~~~~~~~~~~~~~~~\u001b[0m\r\n    'emailVerification' is declared here.\r\n\n    at createTSError (C:\\Users\\Amer\\Desktop\\projects\\todo-list-api\\node_modules\\ts-node\\src\\index.ts:859:12)\n    at reportTSError (C:\\Users\\Amer\\Desktop\\projects\\todo-list-api\\node_modules\\ts-node\\src\\index.ts:863:19)\n    at getOutput (C:\\Users\\Amer\\Desktop\\projects\\todo-list-api\\node_modules\\ts-node\\src\\index.ts:1077:36)\n    at Object.compile (C:\\Users\\Amer\\Desktop\\projects\\todo-list-api\\node_modules\\ts-node\\src\\index.ts:1433:41)\n    at Module.m._compile (C:\\Users\\Amer\\Desktop\\projects\\todo-list-api\\node_modules\\ts-node\\src\\index.ts:1617:30)\n    at Module._extensions..js (node:internal/modules/cjs/loader:1308:10)\n    at Object.require.extensions.<computed> [as .ts] (C:\\Users\\Amer\\Desktop\\projects\\todo-list-api\\node_modules\\ts-node\\src\\index.ts:1621:12)\n    at Module.load (node:internal/modules/cjs/loader:1117:32)\n    at Function.Module._load (node:internal/modules/cjs/loader:958:12)\n    at Module.require (node:internal/modules/cjs/loader:1141:19)","os":{"loadavg":[0,0,0],"uptime":452133.89},"process":{"argv":["C:\\Users\\Amer\\Desktop\\projects\\todo-list-api\\node_modules\\ts-node\\dist\\bin.js","C:\\Users\\Amer\\Desktop\\projects\\todo-list-api\\index.ts"],"cwd":"C:\\Users\\Amer\\Desktop\\projects\\todo-list-api","execPath":"C:\\Program Files\\nodejs\\node.exe","gid":null,"memoryUsage":{"arrayBuffers":2695271,"external":4103859,"heapTotal":144330752,"heapUsed":118991368,"rss":193478656},"pid":109928,"uid":null,"version":"v18.16.0"},"stack":"TSError: ⨯ Unable to compile TypeScript:\n\u001b[96mroutes/auth.ts\u001b[0m:\u001b[93m41\u001b[0m:\u001b[93m37\u001b[0m - \u001b[91merror\u001b[0m\u001b[90m TS2345: \u001b[0mArgument of type '{ id: number; email: string; name: string; password: string; }' is not assignable to parameter of type '{ name: string; email: string; emailVerification: { isVerified: Boolean; }; }'.\r\n  Property 'emailVerification' is missing in type '{ id: number; email: string; name: string; password: string; }' but required in type '{ name: string; email: string; emailVerification: { isVerified: Boolean; }; }'.\r\n\r\n\u001b[7m41\u001b[0m     const token = generateAuthToken(user);\r\n\u001b[7m  \u001b[0m \u001b[91m                                    ~~~~\u001b[0m\r\n\r\n  \u001b[96mutils/generateAuthToken.ts\u001b[0m:\u001b[93m9\u001b[0m:\u001b[93m3\u001b[0m\r\n    \u001b[7m9\u001b[0m   emailVerification: { isVerified: Boolean };\r\n    \u001b[7m \u001b[0m \u001b[96m  ~~~~~~~~~~~~~~~~~\u001b[0m\r\n    'emailVerification' is declared here.\r\n\n    at createTSError (C:\\Users\\Amer\\Desktop\\projects\\todo-list-api\\node_modules\\ts-node\\src\\index.ts:859:12)\n    at reportTSError (C:\\Users\\Amer\\Desktop\\projects\\todo-list-api\\node_modules\\ts-node\\src\\index.ts:863:19)\n    at getOutput (C:\\Users\\Amer\\Desktop\\projects\\todo-list-api\\node_modules\\ts-node\\src\\index.ts:1077:36)\n    at Object.compile (C:\\Users\\Amer\\Desktop\\projects\\todo-list-api\\node_modules\\ts-node\\src\\index.ts:1433:41)\n    at Module.m._compile (C:\\Users\\Amer\\Desktop\\projects\\todo-list-api\\node_modules\\ts-node\\src\\index.ts:1617:30)\n    at Module._extensions..js (node:internal/modules/cjs/loader:1308:10)\n    at Object.require.extensions.<computed> [as .ts] (C:\\Users\\Amer\\Desktop\\projects\\todo-list-api\\node_modules\\ts-node\\src\\index.ts:1621:12)\n    at Module.load (node:internal/modules/cjs/loader:1117:32)\n    at Function.Module._load (node:internal/modules/cjs/loader:958:12)\n    at Module.require (node:internal/modules/cjs/loader:1141:19)","timestamp":"2024-02-13T18:09:45.096Z","trace":[{"column":12,"file":"C:\\Users\\Amer\\Desktop\\projects\\todo-list-api\\node_modules\\ts-node\\src\\index.ts","function":"createTSError","line":859,"method":null,"native":false},{"column":19,"file":"C:\\Users\\Amer\\Desktop\\projects\\todo-list-api\\node_modules\\ts-node\\src\\index.ts","function":"reportTSError","line":863,"method":null,"native":false},{"column":36,"file":"C:\\Users\\Amer\\Desktop\\projects\\todo-list-api\\node_modules\\ts-node\\src\\index.ts","function":"getOutput","line":1077,"method":null,"native":false},{"column":41,"file":"C:\\Users\\Amer\\Desktop\\projects\\todo-list-api\\node_modules\\ts-node\\src\\index.ts","function":"Object.compile","line":1433,"method":"compile","native":false},{"column":30,"file":"C:\\Users\\Amer\\Desktop\\projects\\todo-list-api\\node_modules\\ts-node\\src\\index.ts","function":"Module.m._compile","line":1617,"method":"_compile","native":false},{"column":10,"file":"node:internal/modules/cjs/loader","function":"Module._extensions..js","line":1308,"method":".js","native":false},{"column":12,"file":"C:\\Users\\Amer\\Desktop\\projects\\todo-list-api\\node_modules\\ts-node\\src\\index.ts","function":"Object.require.extensions.<computed> [as .ts]","line":1621,"method":"ts]","native":false},{"column":32,"file":"node:internal/modules/cjs/loader","function":"Module.load","line":1117,"method":"load","native":false},{"column":12,"file":"node:internal/modules/cjs/loader","function":"Module._load","line":958,"method":"_load","native":false},{"column":19,"file":"node:internal/modules/cjs/loader","function":"Module.require","line":1141,"method":"require","native":false}]}
{"date":"Tue Feb 13 2024 21:18:02 GMT+0300 (Moscow Standard Time)","error":{"diagnosticCodes":[2345]},"exception":true,"level":"error","message":"uncaughtException: ⨯ Unable to compile TypeScript:\n\u001b[96mroutes/users.ts\u001b[0m:\u001b[93m68\u001b[0m:\u001b[93m35\u001b[0m - \u001b[91merror\u001b[0m\u001b[90m TS2345: \u001b[0mArgument of type '{ name: string; email: string; emailVerification: { isVerified: boolean; }; }' is not assignable to parameter of type '{ id: number; email: string; name: string; password: string; }'.\r\n  Type '{ name: string; email: string; emailVerification: { isVerified: boolean; }; }' is missing the following properties from type '{ id: number; email: string; name: string; password: string; }': id, password\r\n\r\n\u001b[7m68\u001b[0m   const token = generateAuthToken(userForToken);\r\n\u001b[7m  \u001b[0m \u001b[91m                                  ~~~~~~~~~~~~\u001b[0m\r\n\nTSError: ⨯ Unable to compile TypeScript:\n\u001b[96mroutes/users.ts\u001b[0m:\u001b[93m68\u001b[0m:\u001b[93m35\u001b[0m - \u001b[91merror\u001b[0m\u001b[90m TS2345: \u001b[0mArgument of type '{ name: string; email: string; emailVerification: { isVerified: boolean; }; }' is not assignable to parameter of type '{ id: number; email: string; name: string; password: string; }'.\r\n  Type '{ name: string; email: string; emailVerification: { isVerified: boolean; }; }' is missing the following properties from type '{ id: number; email: string; name: string; password: string; }': id, password\r\n\r\n\u001b[7m68\u001b[0m   const token = generateAuthToken(userForToken);\r\n\u001b[7m  \u001b[0m \u001b[91m                                  ~~~~~~~~~~~~\u001b[0m\r\n\n    at createTSError (C:\\Users\\Amer\\Desktop\\projects\\todo-list-api\\node_modules\\ts-node\\src\\index.ts:859:12)\n    at reportTSError (C:\\Users\\Amer\\Desktop\\projects\\todo-list-api\\node_modules\\ts-node\\src\\index.ts:863:19)\n    at getOutput (C:\\Users\\Amer\\Desktop\\projects\\todo-list-api\\node_modules\\ts-node\\src\\index.ts:1077:36)\n    at Object.compile (C:\\Users\\Amer\\Desktop\\projects\\todo-list-api\\node_modules\\ts-node\\src\\index.ts:1433:41)\n    at Module.m._compile (C:\\Users\\Amer\\Desktop\\projects\\todo-list-api\\node_modules\\ts-node\\src\\index.ts:1617:30)\n    at Module._extensions..js (node:internal/modules/cjs/loader:1308:10)\n    at Object.require.extensions.<computed> [as .ts] (C:\\Users\\Amer\\Desktop\\projects\\todo-list-api\\node_modules\\ts-node\\src\\index.ts:1621:12)\n    at Module.load (node:internal/modules/cjs/loader:1117:32)\n    at Function.Module._load (node:internal/modules/cjs/loader:958:12)\n    at Module.require (node:internal/modules/cjs/loader:1141:19)","os":{"loadavg":[0,0,0],"uptime":452631.343},"process":{"argv":["C:\\Users\\Amer\\Desktop\\projects\\todo-list-api\\node_modules\\ts-node\\dist\\bin.js","C:\\Users\\Amer\\Desktop\\projects\\todo-list-api\\index.ts"],"cwd":"C:\\Users\\Amer\\Desktop\\projects\\todo-list-api","execPath":"C:\\Program Files\\nodejs\\node.exe","gid":null,"memoryUsage":{"arrayBuffers":2671305,"external":4079893,"heapTotal":140398592,"heapUsed":117685488,"rss":189186048},"pid":118016,"uid":null,"version":"v18.16.0"},"stack":"TSError: ⨯ Unable to compile TypeScript:\n\u001b[96mroutes/users.ts\u001b[0m:\u001b[93m68\u001b[0m:\u001b[93m35\u001b[0m - \u001b[91merror\u001b[0m\u001b[90m TS2345: \u001b[0mArgument of type '{ name: string; email: string; emailVerification: { isVerified: boolean; }; }' is not assignable to parameter of type '{ id: number; email: string; name: string; password: string; }'.\r\n  Type '{ name: string; email: string; emailVerification: { isVerified: boolean; }; }' is missing the following properties from type '{ id: number; email: string; name: string; password: string; }': id, password\r\n\r\n\u001b[7m68\u001b[0m   const token = generateAuthToken(userForToken);\r\n\u001b[7m  \u001b[0m \u001b[91m                                  ~~~~~~~~~~~~\u001b[0m\r\n\n    at createTSError (C:\\Users\\Amer\\Desktop\\projects\\todo-list-api\\node_modules\\ts-node\\src\\index.ts:859:12)\n    at reportTSError (C:\\Users\\Amer\\Desktop\\projects\\todo-list-api\\node_modules\\ts-node\\src\\index.ts:863:19)\n    at getOutput (C:\\Users\\Amer\\Desktop\\projects\\todo-list-api\\node_modules\\ts-node\\src\\index.ts:1077:36)\n    at Object.compile (C:\\Users\\Amer\\Desktop\\projects\\todo-list-api\\node_modules\\ts-node\\src\\index.ts:1433:41)\n    at Module.m._compile (C:\\Users\\Amer\\Desktop\\projects\\todo-list-api\\node_modules\\ts-node\\src\\index.ts:1617:30)\n    at Module._extensions..js (node:internal/modules/cjs/loader:1308:10)\n    at Object.require.extensions.<computed> [as .ts] (C:\\Users\\Amer\\Desktop\\projects\\todo-list-api\\node_modules\\ts-node\\src\\index.ts:1621:12)\n    at Module.load (node:internal/modules/cjs/loader:1117:32)\n    at Function.Module._load (node:internal/modules/cjs/loader:958:12)\n    at Module.require (node:internal/modules/cjs/loader:1141:19)","timestamp":"2024-02-13T18:18:02.551Z","trace":[{"column":12,"file":"C:\\Users\\Amer\\Desktop\\projects\\todo-list-api\\node_modules\\ts-node\\src\\index.ts","function":"createTSError","line":859,"method":null,"native":false},{"column":19,"file":"C:\\Users\\Amer\\Desktop\\projects\\todo-list-api\\node_modules\\ts-node\\src\\index.ts","function":"reportTSError","line":863,"method":null,"native":false},{"column":36,"file":"C:\\Users\\Amer\\Desktop\\projects\\todo-list-api\\node_modules\\ts-node\\src\\index.ts","function":"getOutput","line":1077,"method":null,"native":false},{"column":41,"file":"C:\\Users\\Amer\\Desktop\\projects\\todo-list-api\\node_modules\\ts-node\\src\\index.ts","function":"Object.compile","line":1433,"method":"compile","native":false},{"column":30,"file":"C:\\Users\\Amer\\Desktop\\projects\\todo-list-api\\node_modules\\ts-node\\src\\index.ts","function":"Module.m._compile","line":1617,"method":"_compile","native":false},{"column":10,"file":"node:internal/modules/cjs/loader","function":"Module._extensions..js","line":1308,"method":".js","native":false},{"column":12,"file":"C:\\Users\\Amer\\Desktop\\projects\\todo-list-api\\node_modules\\ts-node\\src\\index.ts","function":"Object.require.extensions.<computed> [as .ts]","line":1621,"method":"ts]","native":false},{"column":32,"file":"node:internal/modules/cjs/loader","function":"Module.load","line":1117,"method":"load","native":false},{"column":12,"file":"node:internal/modules/cjs/loader","function":"Module._load","line":958,"method":"_load","native":false},{"column":19,"file":"node:internal/modules/cjs/loader","function":"Module.require","line":1141,"method":"require","native":false}]}
{"date":"Thu Feb 15 2024 16:11:06 GMT+0300 (Moscow Standard Time)","error":{"diagnosticCodes":[2307]},"exception":true,"level":"error","message":"uncaughtException: ⨯ Unable to compile TypeScript:\n\u001b[96mutils/generateAuthToken.ts\u001b[0m:\u001b[93m4\u001b[0m:\u001b[93m22\u001b[0m - \u001b[91merror\u001b[0m\u001b[90m TS2307: \u001b[0mCannot find module './ViewUser' or its corresponding type declarations.\r\n\r\n\u001b[7m4\u001b[0m import ViewUser from \"./ViewUser\";\r\n\u001b[7m \u001b[0m \u001b[91m                     ~~~~~~~~~~~~\u001b[0m\r\n\nTSError: ⨯ Unable to compile TypeScript:\n\u001b[96mutils/generateAuthToken.ts\u001b[0m:\u001b[93m4\u001b[0m:\u001b[93m22\u001b[0m - \u001b[91merror\u001b[0m\u001b[90m TS2307: \u001b[0mCannot find module './ViewUser' or its corresponding type declarations.\r\n\r\n\u001b[7m4\u001b[0m import ViewUser from \"./ViewUser\";\r\n\u001b[7m \u001b[0m \u001b[91m                     ~~~~~~~~~~~~\u001b[0m\r\n\n    at createTSError (C:\\Users\\Amer\\Desktop\\projects\\todo-list-api\\node_modules\\ts-node\\src\\index.ts:859:12)\n    at reportTSError (C:\\Users\\Amer\\Desktop\\projects\\todo-list-api\\node_modules\\ts-node\\src\\index.ts:863:19)\n    at getOutput (C:\\Users\\Amer\\Desktop\\projects\\todo-list-api\\node_modules\\ts-node\\src\\index.ts:1077:36)\n    at Object.compile (C:\\Users\\Amer\\Desktop\\projects\\todo-list-api\\node_modules\\ts-node\\src\\index.ts:1433:41)\n    at Module.m._compile (C:\\Users\\Amer\\Desktop\\projects\\todo-list-api\\node_modules\\ts-node\\src\\index.ts:1617:30)\n    at Module._extensions..js (node:internal/modules/cjs/loader:1308:10)\n    at Object.require.extensions.<computed> [as .ts] (C:\\Users\\Amer\\Desktop\\projects\\todo-list-api\\node_modules\\ts-node\\src\\index.ts:1621:12)\n    at Module.load (node:internal/modules/cjs/loader:1117:32)\n    at Function.Module._load (node:internal/modules/cjs/loader:958:12)\n    at Module.require (node:internal/modules/cjs/loader:1141:19)","os":{"loadavg":[0,0,0],"uptime":607014.343},"process":{"argv":["C:\\Users\\Amer\\Desktop\\projects\\todo-list-api\\node_modules\\ts-node\\dist\\bin.js","C:\\Users\\Amer\\Desktop\\projects\\todo-list-api\\index.ts"],"cwd":"C:\\Users\\Amer\\Desktop\\projects\\todo-list-api","execPath":"C:\\Program Files\\nodejs\\node.exe","gid":null,"memoryUsage":{"arrayBuffers":2682189,"external":4090777,"heapTotal":142757888,"heapUsed":114887944,"rss":183443456},"pid":150048,"uid":null,"version":"v18.16.0"},"stack":"TSError: ⨯ Unable to compile TypeScript:\n\u001b[96mutils/generateAuthToken.ts\u001b[0m:\u001b[93m4\u001b[0m:\u001b[93m22\u001b[0m - \u001b[91merror\u001b[0m\u001b[90m TS2307: \u001b[0mCannot find module './ViewUser' or its corresponding type declarations.\r\n\r\n\u001b[7m4\u001b[0m import ViewUser from \"./ViewUser\";\r\n\u001b[7m \u001b[0m \u001b[91m                     ~~~~~~~~~~~~\u001b[0m\r\n\n    at createTSError (C:\\Users\\Amer\\Desktop\\projects\\todo-list-api\\node_modules\\ts-node\\src\\index.ts:859:12)\n    at reportTSError (C:\\Users\\Amer\\Desktop\\projects\\todo-list-api\\node_modules\\ts-node\\src\\index.ts:863:19)\n    at getOutput (C:\\Users\\Amer\\Desktop\\projects\\todo-list-api\\node_modules\\ts-node\\src\\index.ts:1077:36)\n    at Object.compile (C:\\Users\\Amer\\Desktop\\projects\\todo-list-api\\node_modules\\ts-node\\src\\index.ts:1433:41)\n    at Module.m._compile (C:\\Users\\Amer\\Desktop\\projects\\todo-list-api\\node_modules\\ts-node\\src\\index.ts:1617:30)\n    at Module._extensions..js (node:internal/modules/cjs/loader:1308:10)\n    at Object.require.extensions.<computed> [as .ts] (C:\\Users\\Amer\\Desktop\\projects\\todo-list-api\\node_modules\\ts-node\\src\\index.ts:1621:12)\n    at Module.load (node:internal/modules/cjs/loader:1117:32)\n    at Function.Module._load (node:internal/modules/cjs/loader:958:12)\n    at Module.require (node:internal/modules/cjs/loader:1141:19)","timestamp":"2024-02-15T13:11:06.645Z","trace":[{"column":12,"file":"C:\\Users\\Amer\\Desktop\\projects\\todo-list-api\\node_modules\\ts-node\\src\\index.ts","function":"createTSError","line":859,"method":null,"native":false},{"column":19,"file":"C:\\Users\\Amer\\Desktop\\projects\\todo-list-api\\node_modules\\ts-node\\src\\index.ts","function":"reportTSError","line":863,"method":null,"native":false},{"column":36,"file":"C:\\Users\\Amer\\Desktop\\projects\\todo-list-api\\node_modules\\ts-node\\src\\index.ts","function":"getOutput","line":1077,"method":null,"native":false},{"column":41,"file":"C:\\Users\\Amer\\Desktop\\projects\\todo-list-api\\node_modules\\ts-node\\src\\index.ts","function":"Object.compile","line":1433,"method":"compile","native":false},{"column":30,"file":"C:\\Users\\Amer\\Desktop\\projects\\todo-list-api\\node_modules\\ts-node\\src\\index.ts","function":"Module.m._compile","line":1617,"method":"_compile","native":false},{"column":10,"file":"node:internal/modules/cjs/loader","function":"Module._extensions..js","line":1308,"method":".js","native":false},{"column":12,"file":"C:\\Users\\Amer\\Desktop\\projects\\todo-list-api\\node_modules\\ts-node\\src\\index.ts","function":"Object.require.extensions.<computed> [as .ts]","line":1621,"method":"ts]","native":false},{"column":32,"file":"node:internal/modules/cjs/loader","function":"Module.load","line":1117,"method":"load","native":false},{"column":12,"file":"node:internal/modules/cjs/loader","function":"Module._load","line":958,"method":"_load","native":false},{"column":19,"file":"node:internal/modules/cjs/loader","function":"Module.require","line":1141,"method":"require","native":false}]}
{"date":"Thu Feb 15 2024 19:15:15 GMT+0300 (Moscow Standard Time)","error":{"diagnosticCodes":[1109,1109]},"exception":true,"level":"error","message":"uncaughtException: ⨯ Unable to compile TypeScript:\n\u001b[96mroutes/users.ts\u001b[0m:\u001b[93m81\u001b[0m:\u001b[93m5\u001b[0m - \u001b[91merror\u001b[0m\u001b[90m TS1109: \u001b[0mExpression expected.\r\n\r\n\u001b[7m81\u001b[0m     const doesExceedExpirationDate =\r\n\u001b[7m  \u001b[0m \u001b[91m    ~~~~~\u001b[0m\r\n\u001b[96mroutes/users.ts\u001b[0m:\u001b[93m82\u001b[0m:\u001b[93m1\u001b[0m - \u001b[91merror\u001b[0m\u001b[90m TS1109: \u001b[0mExpression expected.\r\n\r\n\u001b[7m82\u001b[0m })\r\n\u001b[7m  \u001b[0m \u001b[91m~\u001b[0m\r\n\nTSError: ⨯ Unable to compile TypeScript:\n\u001b[96mroutes/users.ts\u001b[0m:\u001b[93m81\u001b[0m:\u001b[93m5\u001b[0m - \u001b[91merror\u001b[0m\u001b[90m TS1109: \u001b[0mExpression expected.\r\n\r\n\u001b[7m81\u001b[0m     const doesExceedExpirationDate =\r\n\u001b[7m  \u001b[0m \u001b[91m    ~~~~~\u001b[0m\r\n\u001b[96mroutes/users.ts\u001b[0m:\u001b[93m82\u001b[0m:\u001b[93m1\u001b[0m - \u001b[91merror\u001b[0m\u001b[90m TS1109: \u001b[0mExpression expected.\r\n\r\n\u001b[7m82\u001b[0m })\r\n\u001b[7m  \u001b[0m \u001b[91m~\u001b[0m\r\n\n    at createTSError (C:\\Users\\Amer\\Desktop\\projects\\todo-list-api\\node_modules\\ts-node\\src\\index.ts:859:12)\n    at reportTSError (C:\\Users\\Amer\\Desktop\\projects\\todo-list-api\\node_modules\\ts-node\\src\\index.ts:863:19)\n    at getOutput (C:\\Users\\Amer\\Desktop\\projects\\todo-list-api\\node_modules\\ts-node\\src\\index.ts:1077:36)\n    at Object.compile (C:\\Users\\Amer\\Desktop\\projects\\todo-list-api\\node_modules\\ts-node\\src\\index.ts:1433:41)\n    at Module.m._compile (C:\\Users\\Amer\\Desktop\\projects\\todo-list-api\\node_modules\\ts-node\\src\\index.ts:1617:30)\n    at Module._extensions..js (node:internal/modules/cjs/loader:1308:10)\n    at Object.require.extensions.<computed> [as .ts] (C:\\Users\\Amer\\Desktop\\projects\\todo-list-api\\node_modules\\ts-node\\src\\index.ts:1621:12)\n    at Module.load (node:internal/modules/cjs/loader:1117:32)\n    at Function.Module._load (node:internal/modules/cjs/loader:958:12)\n    at Module.require (node:internal/modules/cjs/loader:1141:19)","os":{"loadavg":[0,0,0],"uptime":618063.078},"process":{"argv":["C:\\Users\\Amer\\Desktop\\projects\\todo-list-api\\node_modules\\ts-node\\dist\\bin.js","C:\\Users\\Amer\\Desktop\\projects\\todo-list-api\\index.ts"],"cwd":"C:\\Users\\Amer\\Desktop\\projects\\todo-list-api","execPath":"C:\\Program Files\\nodejs\\node.exe","gid":null,"memoryUsage":{"arrayBuffers":2489272,"external":3897860,"heapTotal":141185024,"heapUsed":108968960,"rss":180129792},"pid":34184,"uid":null,"version":"v18.16.0"},"stack":"TSError: ⨯ Unable to compile TypeScript:\n\u001b[96mroutes/users.ts\u001b[0m:\u001b[93m81\u001b[0m:\u001b[93m5\u001b[0m - \u001b[91merror\u001b[0m\u001b[90m TS1109: \u001b[0mExpression expected.\r\n\r\n\u001b[7m81\u001b[0m     const doesExceedExpirationDate =\r\n\u001b[7m  \u001b[0m \u001b[91m    ~~~~~\u001b[0m\r\n\u001b[96mroutes/users.ts\u001b[0m:\u001b[93m82\u001b[0m:\u001b[93m1\u001b[0m - \u001b[91merror\u001b[0m\u001b[90m TS1109: \u001b[0mExpression expected.\r\n\r\n\u001b[7m82\u001b[0m })\r\n\u001b[7m  \u001b[0m \u001b[91m~\u001b[0m\r\n\n    at createTSError (C:\\Users\\Amer\\Desktop\\projects\\todo-list-api\\node_modules\\ts-node\\src\\index.ts:859:12)\n    at reportTSError (C:\\Users\\Amer\\Desktop\\projects\\todo-list-api\\node_modules\\ts-node\\src\\index.ts:863:19)\n    at getOutput (C:\\Users\\Amer\\Desktop\\projects\\todo-list-api\\node_modules\\ts-node\\src\\index.ts:1077:36)\n    at Object.compile (C:\\Users\\Amer\\Desktop\\projects\\todo-list-api\\node_modules\\ts-node\\src\\index.ts:1433:41)\n    at Module.m._compile (C:\\Users\\Amer\\Desktop\\projects\\todo-list-api\\node_modules\\ts-node\\src\\index.ts:1617:30)\n    at Module._extensions..js (node:internal/modules/cjs/loader:1308:10)\n    at Object.require.extensions.<computed> [as .ts] (C:\\Users\\Amer\\Desktop\\projects\\todo-list-api\\node_modules\\ts-node\\src\\index.ts:1621:12)\n    at Module.load (node:internal/modules/cjs/loader:1117:32)\n    at Function.Module._load (node:internal/modules/cjs/loader:958:12)\n    at Module.require (node:internal/modules/cjs/loader:1141:19)","timestamp":"2024-02-15T16:15:15.375Z","trace":[{"column":12,"file":"C:\\Users\\Amer\\Desktop\\projects\\todo-list-api\\node_modules\\ts-node\\src\\index.ts","function":"createTSError","line":859,"method":null,"native":false},{"column":19,"file":"C:\\Users\\Amer\\Desktop\\projects\\todo-list-api\\node_modules\\ts-node\\src\\index.ts","function":"reportTSError","line":863,"method":null,"native":false},{"column":36,"file":"C:\\Users\\Amer\\Desktop\\projects\\todo-list-api\\node_modules\\ts-node\\src\\index.ts","function":"getOutput","line":1077,"method":null,"native":false},{"column":41,"file":"C:\\Users\\Amer\\Desktop\\projects\\todo-list-api\\node_modules\\ts-node\\src\\index.ts","function":"Object.compile","line":1433,"method":"compile","native":false},{"column":30,"file":"C:\\Users\\Amer\\Desktop\\projects\\todo-list-api\\node_modules\\ts-node\\src\\index.ts","function":"Module.m._compile","line":1617,"method":"_compile","native":false},{"column":10,"file":"node:internal/modules/cjs/loader","function":"Module._extensions..js","line":1308,"method":".js","native":false},{"column":12,"file":"C:\\Users\\Amer\\Desktop\\projects\\todo-list-api\\node_modules\\ts-node\\src\\index.ts","function":"Object.require.extensions.<computed> [as .ts]","line":1621,"method":"ts]","native":false},{"column":32,"file":"node:internal/modules/cjs/loader","function":"Module.load","line":1117,"method":"load","native":false},{"column":12,"file":"node:internal/modules/cjs/loader","function":"Module._load","line":958,"method":"_load","native":false},{"column":19,"file":"node:internal/modules/cjs/loader","function":"Module.require","line":1141,"method":"require","native":false}]}
